#
# A fatal error has been detected by the Java Runtime Environment:
#
#  EXCEPTION_ACCESS_VIOLATION (0xc0000005) at pc=0x00007ff817ed00b0, pid=20416, tid=20076
#
# JRE version: Java(TM) SE Runtime Environment (22.0.1+8) (build 22.0.1+8-16)
# Java VM: Java HotSpot(TM) 64-Bit Server VM (22.0.1+8-16, mixed mode, sharing, tiered, compressed oops, compressed class ptrs, g1 gc, windows-amd64)
# Problematic frame:
# V  [jvm.dll+0x3c00b0]
#
# No core dump will be written. Minidumps are not enabled by default on client versions of Windows
#
# If you would like to submit a bug report, please visit:
#   https://bugreport.java.com/bugreport/crash.jsp
#

---------------  S U M M A R Y ------------

Command Line: -Dclassworlds.conf=C:\workspace\apache-maven-3.9.9-bin\apache-maven-3.9.9\bin\m2.conf -Dmaven.home=C:\workspace\apache-maven-3.9.9-bin\apache-maven-3.9.9 -Dlibrary.jansi.path=C:\workspace\apache-maven-3.9.9-bin\apache-maven-3.9.9\lib\jansi-native -Dmaven.multiModuleProjectDirectory=C:\Users\ausub\dev\control-asistencia-unica -Xmx512M org.codehaus.plexus.classworlds.launcher.Launcher spring-boot:run

Host: Intel(R) Core(TM) i7-10700K CPU @ 3.80GHz, 16 cores, 15G,  Windows 11 , 64 bit Build 22621 (10.0.22621.3958)
Time: Sun Oct  6 11:27:29 2024 SA Pacific Standard Time elapsed time: 2.423909 seconds (0d 0h 0m 2s)

---------------  T H R E A D  ---------------

Current thread (0x000001e67deb5da0):  JavaThread "C2 CompilerThread6" daemon [_thread_in_native, id=20076, stack(0x000000cef6c00000,0x000000cef6d00000) (1024K)]


Current CompileTask:
C2:2423 5112       4       java.lang.invoke.MethodType::methodType (69 bytes)

Stack: [0x000000cef6c00000,0x000000cef6d00000],  sp=0x000000cef6cfcc50,  free space=1011k
Native frames: (J=compiled Java code, j=interpreted, Vv=VM code, C=native code)
V  [jvm.dll+0x3c00b0]  (no source info available)
V  [jvm.dll+0x3b94b8]  (no source info available)
V  [jvm.dll+0x1df8c5]  (no source info available)
V  [jvm.dll+0x247a5c]  (no source info available)
V  [jvm.dll+0x246fbf]  (no source info available)
V  [jvm.dll+0x1c4e90]  (no source info available)
V  [jvm.dll+0x2569fe]  (no source info available)
V  [jvm.dll+0x254cba]  (no source info available)
V  [jvm.dll+0x3f5336]  (no source info available)
V  [jvm.dll+0x81d44b]  (no source info available)
V  [jvm.dll+0x6e0915]  (no source info available)
C  [ucrtbase.dll+0x29333]  (no source info available)
C  [KERNEL32.DLL+0x1257d]  (no source info available)
C  [ntdll.dll+0x5af28]  (no source info available)


siginfo: EXCEPTION_ACCESS_VIOLATION (0xc0000005), reading address 0x00007fd818753a40


Registers:
RAX=0x0000000000000000, RBX=0x0000000000000005, RCX=0x0000000000000000, RDX=0x00007fd818753a40
RSP=0x000000cef6cfcc50, RBP=0x00007ff818753a40, RSI=0x0000000000000000, RDI=0x000000cef6cfcca0
R8 =0x000001e63bbf4b90, R9 =0x000000000000000f, R10=0x0000000000000000, R11=0x0000000000000004
R12=0x0000000000000001, R13=0x0000000000000000, R14=0x000000cef6cfcdd0, R15=0x0000000000000e92
RIP=0x00007ff817ed00b0, EFLAGS=0x0000000000010246


Register to memory mapping:

RAX=0x0 is null
RBX=0x0000000000000005 is an unknown value
RCX=0x0 is null
RDX=0x00007fd818753a40 is an unknown value
RSP=0x000000cef6cfcc50 is pointing into the stack for thread: 0x000001e67deb5da0
RBP=0x00007ff818753a40 jvm.dll
RSI=0x0 is null
RDI=0x000000cef6cfcca0 is pointing into the stack for thread: 0x000001e67deb5da0
R8 =0x000001e63bbf4b90 points into unknown readable memory: 0x0000000f00000006 | 06 00 00 00 0f 00 00 00
R9 =0x000000000000000f is an unknown value
R10=0x0 is null
R11=0x0000000000000004 is an unknown value
R12=0x0000000000000001 is an unknown value
R13=0x0 is null
R14=0x000000cef6cfcdd0 is pointing into the stack for thread: 0x000001e67deb5da0
R15=0x0000000000000e92 is an unknown value

Top of Stack: (sp=0x000000cef6cfcc50)
0x000000cef6cfcc50:   0000000000001fe9 00007ff817ed0204
0x000000cef6cfcc60:   000001e67ebcbab0 000001e67d8cc200
0x000000cef6cfcc70:   0000000000000000 00007ff817ec94b8
0x000000cef6cfcc80:   0000000000000e92 0000000000000002
0x000000cef6cfcc90:   0000000000000000 000000cef6cfcdd0
0x000000cef6cfcca0:   0000000000000000 0000000400000000
0x000000cef6cfccb0:   0000000f00000000 00007fd818753a40
0x000000cef6cfccc0:   000001e63b6a9af0 000001e63bbf4b90
0x000000cef6cfccd0:   000001e67d90b790 0000000000000000
0x000000cef6cfcce0:   000001e67d90b780 000000cef6cfd250
0x000000cef6cfccf0:   0000000000000001 00007ff817cef8c5
0x000000cef6cfcd00:   000000cef6cfd170 000000cef6cfce00
0x000000cef6cfcd10:   000001e67d90bb68 000001e67d90b780
0x000000cef6cfcd20:   00007ff8184e9100 0000000000000000
0x000000cef6cfcd30:   000000010000bb07 000001e67d90b780
0x000000cef6cfcd40:   000001e67de85d40 000001e67de8bcf0
0x000000cef6cfcd50:   000001e67de8dd28 000000000076c9f0
0x000000cef6cfcd60:   000001e67d90b790 000000000000000e
0x000000cef6cfcd70:   000000cef6cf0000 0000000000000000
0x000000cef6cfcd80:   0000000000000000 000000000000ab00
0x000000cef6cfcd90:   000001e67ecc5fa0 00007ff8184d8e78
0x000000cef6cfcda0:   0000000000000000 000000cef6cfe650
0x000000cef6cfcdb0:   0000000000000000 00007ff8184d8e78
0x000000cef6cfcdc0:   0000000000000000 3fbadfd35c940010
0x000000cef6cfcdd0:   000001e60000000c 000000cef6cfe650
0x000000cef6cfcde0:   000001e63bb63050 000001e604082c01
0x000000cef6cfcdf0:   000001e63bcb5050 000001e600001fea
0x000000cef6cfce00:   000000cef6cfcd30 000001e67d90b790
0x000000cef6cfce10:   00007ff8184d8e48 000000000000000d
0x000000cef6cfce20:   000000cef6cfe650 000000cef6cfd170
0x000000cef6cfce30:   000001e600002ef7 0000000000000000
0x000000cef6cfce40:   000000ce0000000a 000000cef6cfe650 

Instructions: (pc=0x00007ff817ed00b0)
0x00007ff817ecffb0:   48 8b 8e e0 08 00 00 48 85 c9 75 0c e8 2f 09 00
0x00007ff817ecffc0:   00 48 8b 8e e0 08 00 00 48 8b 01 0f 57 c0 48 89
0x00007ff817ecffd0:   86 e0 08 00 00 0f 11 01 0f 11 41 10 0f 10 45 00
0x00007ff817ecffe0:   0f 11 01 0f 10 4d 10 0f 11 49 10 48 8b 43 08 49
0x00007ff817ecfff0:   89 0c 06 48 8d 0d 46 3a 88 00 ff c7 ba 70 00 00
0x00007ff817ed0000:   00 3b bb 90 00 00 00 0f 82 63 ff ff ff 4c 8b 74
0x00007ff817ed0010:   24 60 4c 8b 64 24 58 48 8b 6c 24 50 48 8b c3 48
0x00007ff817ed0020:   83 c4 20 41 5f 41 5d 5f 5e 5b c3 cc cc cc cc cc
0x00007ff817ed0030:   48 89 74 24 18 57 48 83 ec 20 8b 51 0c 48 8b f9
0x00007ff817ed0040:   83 fa 04 73 29 48 8b 49 18 0f 1f 80 00 00 00 00
0x00007ff817ed0050:   8b c2 44 8d 4a 01 48 83 3c c1 00 4c 8d 14 c1 0f
0x00007ff817ed0060:   85 91 00 00 00 41 8b d1 41 83 f9 04 72 e2 48 89
0x00007ff817ed0070:   5c 24 30 8b 5f 10 48 89 6c 24 38 3b 5f 14 73 5f
0x00007ff817ed0080:   48 8d 2d b9 39 88 00 66 0f 1f 84 00 00 00 00 00
0x00007ff817ed0090:   48 8b 47 20 8b cb 48 8b 14 c8 48 3b d5 74 39 33
0x00007ff817ed00a0:   c0 48 89 57 18 33 c9 66 0f 1f 84 00 00 00 00 00
0x00007ff817ed00b0:   48 83 3c 11 00 44 8d 48 01 75 78 48 83 c1 08 41
0x00007ff817ed00c0:   8b c1 41 83 f9 04 72 e8 48 8b 4f 28 48 85 c9 74
0x00007ff817ed00d0:   07 8b d3 e8 58 01 00 00 ff c3 3b 5f 14 72 b1 33
0x00007ff817ed00e0:   c0 48 8b 5c 24 30 48 8b 6c 24 38 48 8b 74 24 40
0x00007ff817ed00f0:   48 83 c4 20 5f c3 8b 47 10 48 8b 74 24 40 44 8d
0x00007ff817ed0100:   04 82 41 c1 e0 06 41 81 c0 00 ff ff ff 44 89 47
0x00007ff817ed0110:   08 49 8b 12 48 0f bc c2 44 89 4f 0c 8b c8 48 d3
0x00007ff817ed0120:   ea 48 ff ca 41 03 c0 48 89 17 89 47 08 48 83 c4
0x00007ff817ed0130:   20 5f c3 8b c8 44 8d 04 98 41 c1 e0 06 8d 43 01
0x00007ff817ed0140:   44 89 47 08 48 8b 14 ca 89 47 10 48 0f bc c2 44
0x00007ff817ed0150:   89 4f 0c 8b c8 48 d3 ea 48 ff ca 41 03 c0 48 89
0x00007ff817ed0160:   17 89 47 08 e9 78 ff ff ff cc cc cc cc cc cc cc
0x00007ff817ed0170:   40 53 48 83 ec 20 65 48 8b 04 25 58 00 00 00 8b
0x00007ff817ed0180:   0d af b9 8d 00 48 8b 1c c8 b8 70 00 00 00 80 3c
0x00007ff817ed0190:   18 00 75 05 e8 0f 52 55 00 b8 20 00 00 00 48 8b
0x00007ff817ed01a0:   04 18 48 8b 88 70 06 00 00 48 8b 99 80 00 00 00 


Stack slot to memory mapping:

stack at sp + 0 slots: 0x0000000000001fe9 is an unknown value
stack at sp + 1 slots: 0x00007ff817ed0204 jvm.dll
stack at sp + 2 slots: 0x000001e67ebcbab0 points into unknown readable memory: 0x0000000000000000 | 00 00 00 00 00 00 00 00
stack at sp + 3 slots: 0x000001e67d8cc200 points into unknown readable memory: 0x0000000200000002 | 02 00 00 00 02 00 00 00
stack at sp + 4 slots: 0x0 is null
stack at sp + 5 slots: 0x00007ff817ec94b8 jvm.dll
stack at sp + 6 slots: 0x0000000000000e92 is an unknown value
stack at sp + 7 slots: 0x0000000000000002 is an unknown value


---------------  P R O C E S S  ---------------

Threads class SMR info:
_java_thread_list=0x000001e67d92e3c0, length=22, elements={
0x000001e61dc6d050, 0x000001e63b6696d0, 0x000001e63b55d510, 0x000001e63b66b760,
0x000001e63b66e530, 0x000001e63b676fa0, 0x000001e63b679b40, 0x000001e63b67aa00,
0x000001e63b67e9b0, 0x000001e63b781d40, 0x000001e63b8314a0, 0x000001e63b83a180,
0x000001e63b85fd40, 0x000001e67d2c85d0, 0x000001e67d2ca2b0, 0x000001e67d9aaef0,
0x000001e67d46ec90, 0x000001e67d7b9170, 0x000001e67de0d110, 0x000001e67deb5da0,
0x000001e67d7fda50, 0x000001e67d94b2c0
}

Java Threads: ( => current thread )
  0x000001e61dc6d050 JavaThread "main"                              [_thread_in_Java, id=2292, stack(0x000000cef5200000,0x000000cef5300000) (1024K)]
  0x000001e63b6696d0 JavaThread "Reference Handler"          daemon [_thread_blocked, id=5268, stack(0x000000cef5a00000,0x000000cef5b00000) (1024K)]
  0x000001e63b55d510 JavaThread "Finalizer"                  daemon [_thread_blocked, id=21044, stack(0x000000cef5b00000,0x000000cef5c00000) (1024K)]
  0x000001e63b66b760 JavaThread "Signal Dispatcher"          daemon [_thread_blocked, id=2836, stack(0x000000cef5c00000,0x000000cef5d00000) (1024K)]
  0x000001e63b66e530 JavaThread "Attach Listener"            daemon [_thread_blocked, id=19964, stack(0x000000cef5d00000,0x000000cef5e00000) (1024K)]
  0x000001e63b676fa0 JavaThread "Service Thread"             daemon [_thread_blocked, id=6328, stack(0x000000cef5e00000,0x000000cef5f00000) (1024K)]
  0x000001e63b679b40 JavaThread "Monitor Deflation Thread"   daemon [_thread_blocked, id=7264, stack(0x000000cef5f00000,0x000000cef6000000) (1024K)]
  0x000001e63b67aa00 JavaThread "C2 CompilerThread0"         daemon [_thread_blocked, id=19796, stack(0x000000cef6000000,0x000000cef6100000) (1024K)]
  0x000001e63b67e9b0 JavaThread "C1 CompilerThread0"         daemon [_thread_blocked, id=1792, stack(0x000000cef6100000,0x000000cef6200000) (1024K)]
  0x000001e63b781d40 JavaThread "C1 CompilerThread1"         daemon [_thread_blocked, id=5432, stack(0x000000cef6200000,0x000000cef6300000) (1024K)]
  0x000001e63b8314a0 JavaThread "Notification Thread"        daemon [_thread_blocked, id=21368, stack(0x000000cef6300000,0x000000cef6400000) (1024K)]
  0x000001e63b83a180 JavaThread "Common-Cleaner"             daemon [_thread_blocked, id=3316, stack(0x000000cef6400000,0x000000cef6500000) (1024K)]
  0x000001e63b85fd40 JavaThread "C2 CompilerThread1"         daemon [_thread_blocked, id=1908, stack(0x000000cef6500000,0x000000cef6600000) (1024K)]
  0x000001e67d2c85d0 JavaThread "C1 CompilerThread2"         daemon [_thread_blocked, id=2724, stack(0x000000cef6600000,0x000000cef6700000) (1024K)]
  0x000001e67d2ca2b0 JavaThread "C1 CompilerThread3"         daemon [_thread_blocked, id=19816, stack(0x000000cef6700000,0x000000cef6800000) (1024K)]
  0x000001e67d9aaef0 JavaThread "C2 CompilerThread2"         daemon [_thread_blocked, id=372, stack(0x000000cef6800000,0x000000cef6900000) (1024K)]
  0x000001e67d46ec90 JavaThread "C2 CompilerThread3"         daemon [_thread_in_native, id=20948, stack(0x000000cef6900000,0x000000cef6a00000) (1024K)]
  0x000001e67d7b9170 JavaThread "C2 CompilerThread4"         daemon [_thread_blocked, id=19336, stack(0x000000cef6a00000,0x000000cef6b00000) (1024K)]
  0x000001e67de0d110 JavaThread "C2 CompilerThread5"         daemon [_thread_blocked, id=18932, stack(0x000000cef6b00000,0x000000cef6c00000) (1024K)]
=>0x000001e67deb5da0 JavaThread "C2 CompilerThread6"         daemon [_thread_in_native, id=20076, stack(0x000000cef6c00000,0x000000cef6d00000) (1024K)]
  0x000001e67d7fda50 JavaThread "C2 CompilerThread7"         daemon [_thread_blocked, id=20572, stack(0x000000cef6d00000,0x000000cef6e00000) (1024K)]
  0x000001e67d94b2c0 JavaThread "Thread-1"                   daemon [_thread_blocked, id=3572, stack(0x000000cef7800000,0x000000cef7900000) (1024K)]
Total: 22

Other Threads:
  0x000001e63b5485f0 VMThread "VM Thread"                           [id=20040, stack(0x000000cef5900000,0x000000cef5a00000) (1024K)]
  0x000001e63b536b60 WatcherThread "VM Periodic Task Thread"        [id=10260, stack(0x000000cef5800000,0x000000cef5900000) (1024K)]
  0x000001e61ffd6950 WorkerThread "GC Thread#0"                     [id=15296, stack(0x000000cef5300000,0x000000cef5400000) (1024K)]
  0x000001e67e7ae810 WorkerThread "GC Thread#1"                     [id=9552, stack(0x000000cef6e00000,0x000000cef6f00000) (1024K)]
  0x000001e67da0a6d0 WorkerThread "GC Thread#2"                     [id=15156, stack(0x000000cef6f00000,0x000000cef7000000) (1024K)]
  0x000001e67e1e6920 WorkerThread "GC Thread#3"                     [id=8576, stack(0x000000cef7000000,0x000000cef7100000) (1024K)]
  0x000001e67e1e70e0 WorkerThread "GC Thread#4"                     [id=6712, stack(0x000000cef7100000,0x000000cef7200000) (1024K)]
  0x000001e67e1e7490 WorkerThread "GC Thread#5"                     [id=20656, stack(0x000000cef7200000,0x000000cef7300000) (1024K)]
  0x000001e67ec67e80 WorkerThread "GC Thread#6"                     [id=18444, stack(0x000000cef7300000,0x000000cef7400000) (1024K)]
  0x000001e67e44e1c0 WorkerThread "GC Thread#7"                     [id=2368, stack(0x000000cef7400000,0x000000cef7500000) (1024K)]
  0x000001e67daea730 WorkerThread "GC Thread#8"                     [id=10684, stack(0x000000cef7500000,0x000000cef7600000) (1024K)]
  0x000001e604118940 WorkerThread "GC Thread#9"                     [id=19924, stack(0x000000cef7600000,0x000000cef7700000) (1024K)]
  0x000001e67df3ead0 WorkerThread "GC Thread#10"                    [id=19484, stack(0x000000cef7700000,0x000000cef7800000) (1024K)]
  0x000001e61ffdb940 ConcurrentGCThread "G1 Main Marker"            [id=8544, stack(0x000000cef5400000,0x000000cef5500000) (1024K)]
  0x000001e61ffdc600 WorkerThread "G1 Conc#0"                       [id=2868, stack(0x000000cef5500000,0x000000cef5600000) (1024K)]
  0x000001e63b407a20 ConcurrentGCThread "G1 Refine#0"               [id=11192, stack(0x000000cef5600000,0x000000cef5700000) (1024K)]
  0x000001e63b408250 ConcurrentGCThread "G1 Service"                [id=8896, stack(0x000000cef5700000,0x000000cef5800000) (1024K)]
Total: 17

Threads with active compile tasks:
C2 CompilerThread3  2473 5323       4       jdk.nio.zipfs.ZipFileSystem::makeParentDirs (133 bytes)
C2 CompilerThread6  2473 5112       4       java.lang.invoke.MethodType::methodType (69 bytes)
Total: 2

VM state: not at safepoint (normal execution)

VM Mutex/Monitor currently owned by a thread: None

Heap address: 0x00000000e0000000, size: 512 MB, Compressed Oops mode: 32-bit

CDS archive(s) mapped at: [0x000001e63c000000-0x000001e63cc60000-0x000001e63cc60000), size 12976128, SharedBaseAddress: 0x000001e63c000000, ArchiveRelocationMode: 1.
Compressed class space mapped at: 0x000001e63d000000-0x000001e67d000000, reserved size: 1073741824
Narrow klass base: 0x000001e63c000000, Narrow klass shift: 0, Narrow klass range: 0x41000000

GC Precious Log:
 CardTable entry size: 512
 Card Set container configuration: InlinePtr #cards 5 size 8 Array Of Cards #cards 12 size 40 Howl #buckets 4 coarsen threshold 1843 Howl Bitmap #cards 512 size 80 coarsen threshold 460 Card regions per heap region 1 cards per card region 2048
 CPUs: 16 total, 16 available
 Memory: 16220M
 Large Page Support: Disabled
 NUMA Support: Disabled
 Compressed Oops: Enabled (32-bit)
 Heap Region Size: 1M
 Heap Min Capacity: 8M
 Heap Initial Capacity: 254M
 Heap Max Capacity: 512M
 Pre-touch: Disabled
 Parallel Workers: 13
 Concurrent Workers: 3
 Concurrent Refinement Workers: 13
 Periodic GC: Disabled

Heap:
 garbage-first heap   total reserved 524288K, committed 260096K, used 173765K [0x00000000e0000000, 0x0000000100000000)
  region size 1024K, 131 young (134144K), 2 survivors (2048K)
 Metaspace       used 20052K, committed 20352K, reserved 1114112K
  class space    used 2336K, committed 2432K, reserved 1048576K

Heap Regions: E=young(eden), S=young(survivor), O=old, HS=humongous(starts), HC=humongous(continues), CS=collection set, F=free, TAMS=top-at-mark-start, PB=parsable bottom
|   0|0x00000000e0000000, 0x00000000e0100000, 0x00000000e0100000|100%| O|  |TAMS 0x00000000e0000000| PB 0x00000000e0000000| Untracked |  0
|   1|0x00000000e0100000, 0x00000000e0200000, 0x00000000e0200000|100%| O|  |TAMS 0x00000000e0100000| PB 0x00000000e0100000| Untracked |  0
|   2|0x00000000e0200000, 0x00000000e0300000, 0x00000000e0300000|100%| O|  |TAMS 0x00000000e0200000| PB 0x00000000e0200000| Untracked |  0
|   3|0x00000000e0300000, 0x00000000e03bd420, 0x00000000e0400000| 73%| O|  |TAMS 0x00000000e0300000| PB 0x00000000e0300000| Untracked |  0
|   4|0x00000000e0400000, 0x00000000e0500000, 0x00000000e0500000|100%|HS|  |TAMS 0x00000000e0400000| PB 0x00000000e0400000| Complete |  0
|   5|0x00000000e0500000, 0x00000000e0600000, 0x00000000e0600000|100%|HC|  |TAMS 0x00000000e0500000| PB 0x00000000e0500000| Complete |  0
|   6|0x00000000e0600000, 0x00000000e0700000, 0x00000000e0700000|100%|HC|  |TAMS 0x00000000e0600000| PB 0x00000000e0600000| Complete |  0
|   7|0x00000000e0700000, 0x00000000e0800000, 0x00000000e0800000|100%|HC|  |TAMS 0x00000000e0700000| PB 0x00000000e0700000| Complete |  0
|   8|0x00000000e0800000, 0x00000000e0900000, 0x00000000e0900000|100%|HC|  |TAMS 0x00000000e0800000| PB 0x00000000e0800000| Complete |  0
|   9|0x00000000e0900000, 0x00000000e0a00000, 0x00000000e0a00000|100%|HC|  |TAMS 0x00000000e0900000| PB 0x00000000e0900000| Complete |  0
|  10|0x00000000e0a00000, 0x00000000e0b00000, 0x00000000e0b00000|100%|HC|  |TAMS 0x00000000e0a00000| PB 0x00000000e0a00000| Complete |  0
|  11|0x00000000e0b00000, 0x00000000e0c00000, 0x00000000e0c00000|100%|HC|  |TAMS 0x00000000e0b00000| PB 0x00000000e0b00000| Complete |  0
|  12|0x00000000e0c00000, 0x00000000e0d00000, 0x00000000e0d00000|100%|HS|  |TAMS 0x00000000e0c00000| PB 0x00000000e0c00000| Complete |  0
|  13|0x00000000e0d00000, 0x00000000e0e00000, 0x00000000e0e00000|100%|HC|  |TAMS 0x00000000e0d00000| PB 0x00000000e0d00000| Complete |  0
|  14|0x00000000e0e00000, 0x00000000e0f00000, 0x00000000e0f00000|100%|HC|  |TAMS 0x00000000e0e00000| PB 0x00000000e0e00000| Complete |  0
|  15|0x00000000e0f00000, 0x00000000e1000000, 0x00000000e1000000|100%|HC|  |TAMS 0x00000000e0f00000| PB 0x00000000e0f00000| Complete |  0
|  16|0x00000000e1000000, 0x00000000e1100000, 0x00000000e1100000|100%|HC|  |TAMS 0x00000000e1000000| PB 0x00000000e1000000| Complete |  0
|  17|0x00000000e1100000, 0x00000000e1200000, 0x00000000e1200000|100%|HC|  |TAMS 0x00000000e1100000| PB 0x00000000e1100000| Complete |  0
|  18|0x00000000e1200000, 0x00000000e1300000, 0x00000000e1300000|100%|HC|  |TAMS 0x00000000e1200000| PB 0x00000000e1200000| Complete |  0
|  19|0x00000000e1300000, 0x00000000e1400000, 0x00000000e1400000|100%|HC|  |TAMS 0x00000000e1300000| PB 0x00000000e1300000| Complete |  0
|  20|0x00000000e1400000, 0x00000000e1500000, 0x00000000e1500000|100%|HC|  |TAMS 0x00000000e1400000| PB 0x00000000e1400000| Complete |  0
|  21|0x00000000e1500000, 0x00000000e1600000, 0x00000000e1600000|100%|HC|  |TAMS 0x00000000e1500000| PB 0x00000000e1500000| Complete |  0
|  22|0x00000000e1600000, 0x00000000e1700000, 0x00000000e1700000|100%|HC|  |TAMS 0x00000000e1600000| PB 0x00000000e1600000| Complete |  0
|  23|0x00000000e1700000, 0x00000000e1800000, 0x00000000e1800000|100%|HC|  |TAMS 0x00000000e1700000| PB 0x00000000e1700000| Complete |  0
|  24|0x00000000e1800000, 0x00000000e1900000, 0x00000000e1900000|100%|HS|  |TAMS 0x00000000e1800000| PB 0x00000000e1800000| Complete |  0
|  25|0x00000000e1900000, 0x00000000e1a00000, 0x00000000e1a00000|100%|HC|  |TAMS 0x00000000e1900000| PB 0x00000000e1900000| Complete |  0
|  26|0x00000000e1a00000, 0x00000000e1b00000, 0x00000000e1b00000|100%|HC|  |TAMS 0x00000000e1a00000| PB 0x00000000e1a00000| Complete |  0
|  27|0x00000000e1b00000, 0x00000000e1c00000, 0x00000000e1c00000|100%|HC|  |TAMS 0x00000000e1b00000| PB 0x00000000e1b00000| Complete |  0
|  28|0x00000000e1c00000, 0x00000000e1d00000, 0x00000000e1d00000|100%|HC|  |TAMS 0x00000000e1c00000| PB 0x00000000e1c00000| Complete |  0
|  29|0x00000000e1d00000, 0x00000000e1e00000, 0x00000000e1e00000|100%|HC|  |TAMS 0x00000000e1d00000| PB 0x00000000e1d00000| Complete |  0
|  30|0x00000000e1e00000, 0x00000000e1f00000, 0x00000000e1f00000|100%|HC|  |TAMS 0x00000000e1e00000| PB 0x00000000e1e00000| Complete |  0
|  31|0x00000000e1f00000, 0x00000000e2000000, 0x00000000e2000000|100%|HC|  |TAMS 0x00000000e1f00000| PB 0x00000000e1f00000| Complete |  0
|  32|0x00000000e2000000, 0x00000000e2100000, 0x00000000e2100000|100%|HC|  |TAMS 0x00000000e2000000| PB 0x00000000e2000000| Complete |  0
|  33|0x00000000e2100000, 0x00000000e2200000, 0x00000000e2200000|100%|HC|  |TAMS 0x00000000e2100000| PB 0x00000000e2100000| Complete |  0
|  34|0x00000000e2200000, 0x00000000e2300000, 0x00000000e2300000|100%|HC|  |TAMS 0x00000000e2200000| PB 0x00000000e2200000| Complete |  0
|  35|0x00000000e2300000, 0x00000000e2400000, 0x00000000e2400000|100%|HC|  |TAMS 0x00000000e2300000| PB 0x00000000e2300000| Complete |  0
|  36|0x00000000e2400000, 0x00000000e2500000, 0x00000000e2500000|100%|HS|  |TAMS 0x00000000e2400000| PB 0x00000000e2400000| Complete |  0
|  37|0x00000000e2500000, 0x00000000e2600000, 0x00000000e2600000|100%|HS|  |TAMS 0x00000000e2500000| PB 0x00000000e2500000| Complete |  0
|  38|0x00000000e2600000, 0x00000000e2700000, 0x00000000e2700000|100%|HC|  |TAMS 0x00000000e2600000| PB 0x00000000e2600000| Complete |  0
|  39|0x00000000e2700000, 0x00000000e2800000, 0x00000000e2800000|100%|HS|  |TAMS 0x00000000e2700000| PB 0x00000000e2700000| Complete |  0
|  40|0x00000000e2800000, 0x00000000e2900000, 0x00000000e2900000|100%|HC|  |TAMS 0x00000000e2800000| PB 0x00000000e2800000| Complete |  0
|  41|0x00000000e2900000, 0x00000000e2900000, 0x00000000e2a00000|  0%| F|  |TAMS 0x00000000e2900000| PB 0x00000000e2900000| Untracked |  0
|  42|0x00000000e2a00000, 0x00000000e2a00000, 0x00000000e2b00000|  0%| F|  |TAMS 0x00000000e2a00000| PB 0x00000000e2a00000| Untracked |  0
|  43|0x00000000e2b00000, 0x00000000e2b00000, 0x00000000e2c00000|  0%| F|  |TAMS 0x00000000e2b00000| PB 0x00000000e2b00000| Untracked |  0
|  44|0x00000000e2c00000, 0x00000000e2c00000, 0x00000000e2d00000|  0%| F|  |TAMS 0x00000000e2c00000| PB 0x00000000e2c00000| Untracked |  0
|  45|0x00000000e2d00000, 0x00000000e2d00000, 0x00000000e2e00000|  0%| F|  |TAMS 0x00000000e2d00000| PB 0x00000000e2d00000| Untracked |  0
|  46|0x00000000e2e00000, 0x00000000e2e00000, 0x00000000e2f00000|  0%| F|  |TAMS 0x00000000e2e00000| PB 0x00000000e2e00000| Untracked |  0
|  47|0x00000000e2f00000, 0x00000000e2f00000, 0x00000000e3000000|  0%| F|  |TAMS 0x00000000e2f00000| PB 0x00000000e2f00000| Untracked |  0
|  48|0x00000000e3000000, 0x00000000e3000000, 0x00000000e3100000|  0%| F|  |TAMS 0x00000000e3000000| PB 0x00000000e3000000| Untracked |  0
|  49|0x00000000e3100000, 0x00000000e3100000, 0x00000000e3200000|  0%| F|  |TAMS 0x00000000e3100000| PB 0x00000000e3100000| Untracked |  0
|  50|0x00000000e3200000, 0x00000000e3200000, 0x00000000e3300000|  0%| F|  |TAMS 0x00000000e3200000| PB 0x00000000e3200000| Untracked |  0
|  51|0x00000000e3300000, 0x00000000e3300000, 0x00000000e3400000|  0%| F|  |TAMS 0x00000000e3300000| PB 0x00000000e3300000| Untracked |  0
|  52|0x00000000e3400000, 0x00000000e3400000, 0x00000000e3500000|  0%| F|  |TAMS 0x00000000e3400000| PB 0x00000000e3400000| Untracked |  0
|  53|0x00000000e3500000, 0x00000000e3500000, 0x00000000e3600000|  0%| F|  |TAMS 0x00000000e3500000| PB 0x00000000e3500000| Untracked |  0
|  54|0x00000000e3600000, 0x00000000e3600000, 0x00000000e3700000|  0%| F|  |TAMS 0x00000000e3600000| PB 0x00000000e3600000| Untracked |  0
|  55|0x00000000e3700000, 0x00000000e3700000, 0x00000000e3800000|  0%| F|  |TAMS 0x00000000e3700000| PB 0x00000000e3700000| Untracked |  0
|  56|0x00000000e3800000, 0x00000000e3800000, 0x00000000e3900000|  0%| F|  |TAMS 0x00000000e3800000| PB 0x00000000e3800000| Untracked |  0
|  57|0x00000000e3900000, 0x00000000e3900000, 0x00000000e3a00000|  0%| F|  |TAMS 0x00000000e3900000| PB 0x00000000e3900000| Untracked |  0
|  58|0x00000000e3a00000, 0x00000000e3a00000, 0x00000000e3b00000|  0%| F|  |TAMS 0x00000000e3a00000| PB 0x00000000e3a00000| Untracked |  0
|  59|0x00000000e3b00000, 0x00000000e3b00000, 0x00000000e3c00000|  0%| F|  |TAMS 0x00000000e3b00000| PB 0x00000000e3b00000| Untracked |  0
|  60|0x00000000e3c00000, 0x00000000e3c00000, 0x00000000e3d00000|  0%| F|  |TAMS 0x00000000e3c00000| PB 0x00000000e3c00000| Untracked |  0
|  61|0x00000000e3d00000, 0x00000000e3d00000, 0x00000000e3e00000|  0%| F|  |TAMS 0x00000000e3d00000| PB 0x00000000e3d00000| Untracked |  0
|  62|0x00000000e3e00000, 0x00000000e3e00000, 0x00000000e3f00000|  0%| F|  |TAMS 0x00000000e3e00000| PB 0x00000000e3e00000| Untracked |  0
|  63|0x00000000e3f00000, 0x00000000e3f00000, 0x00000000e4000000|  0%| F|  |TAMS 0x00000000e3f00000| PB 0x00000000e3f00000| Untracked |  0
|  64|0x00000000e4000000, 0x00000000e4000000, 0x00000000e4100000|  0%| F|  |TAMS 0x00000000e4000000| PB 0x00000000e4000000| Untracked |  0
|  65|0x00000000e4100000, 0x00000000e4100000, 0x00000000e4200000|  0%| F|  |TAMS 0x00000000e4100000| PB 0x00000000e4100000| Untracked |  0
|  66|0x00000000e4200000, 0x00000000e4200000, 0x00000000e4300000|  0%| F|  |TAMS 0x00000000e4200000| PB 0x00000000e4200000| Untracked |  0
|  67|0x00000000e4300000, 0x00000000e4300000, 0x00000000e4400000|  0%| F|  |TAMS 0x00000000e4300000| PB 0x00000000e4300000| Untracked |  0
|  68|0x00000000e4400000, 0x00000000e4400000, 0x00000000e4500000|  0%| F|  |TAMS 0x00000000e4400000| PB 0x00000000e4400000| Untracked |  0
|  69|0x00000000e4500000, 0x00000000e4500000, 0x00000000e4600000|  0%| F|  |TAMS 0x00000000e4500000| PB 0x00000000e4500000| Untracked |  0
|  70|0x00000000e4600000, 0x00000000e4600000, 0x00000000e4700000|  0%| F|  |TAMS 0x00000000e4600000| PB 0x00000000e4600000| Untracked |  0
|  71|0x00000000e4700000, 0x00000000e4700000, 0x00000000e4800000|  0%| F|  |TAMS 0x00000000e4700000| PB 0x00000000e4700000| Untracked |  0
|  72|0x00000000e4800000, 0x00000000e4800000, 0x00000000e4900000|  0%| F|  |TAMS 0x00000000e4800000| PB 0x00000000e4800000| Untracked |  0
|  73|0x00000000e4900000, 0x00000000e4900000, 0x00000000e4a00000|  0%| F|  |TAMS 0x00000000e4900000| PB 0x00000000e4900000| Untracked |  0
|  74|0x00000000e4a00000, 0x00000000e4a00000, 0x00000000e4b00000|  0%| F|  |TAMS 0x00000000e4a00000| PB 0x00000000e4a00000| Untracked |  0
|  75|0x00000000e4b00000, 0x00000000e4b00000, 0x00000000e4c00000|  0%| F|  |TAMS 0x00000000e4b00000| PB 0x00000000e4b00000| Untracked |  0
|  76|0x00000000e4c00000, 0x00000000e4c00000, 0x00000000e4d00000|  0%| F|  |TAMS 0x00000000e4c00000| PB 0x00000000e4c00000| Untracked |  0
|  77|0x00000000e4d00000, 0x00000000e4d00000, 0x00000000e4e00000|  0%| F|  |TAMS 0x00000000e4d00000| PB 0x00000000e4d00000| Untracked |  0
|  78|0x00000000e4e00000, 0x00000000e4e00000, 0x00000000e4f00000|  0%| F|  |TAMS 0x00000000e4e00000| PB 0x00000000e4e00000| Untracked |  0
|  79|0x00000000e4f00000, 0x00000000e4f00000, 0x00000000e5000000|  0%| F|  |TAMS 0x00000000e4f00000| PB 0x00000000e4f00000| Untracked |  0
|  80|0x00000000e5000000, 0x00000000e5000000, 0x00000000e5100000|  0%| F|  |TAMS 0x00000000e5000000| PB 0x00000000e5000000| Untracked |  0
|  81|0x00000000e5100000, 0x00000000e5100000, 0x00000000e5200000|  0%| F|  |TAMS 0x00000000e5100000| PB 0x00000000e5100000| Untracked |  0
|  82|0x00000000e5200000, 0x00000000e5200000, 0x00000000e5300000|  0%| F|  |TAMS 0x00000000e5200000| PB 0x00000000e5200000| Untracked |  0
|  83|0x00000000e5300000, 0x00000000e5300000, 0x00000000e5400000|  0%| F|  |TAMS 0x00000000e5300000| PB 0x00000000e5300000| Untracked |  0
|  84|0x00000000e5400000, 0x00000000e5400000, 0x00000000e5500000|  0%| F|  |TAMS 0x00000000e5400000| PB 0x00000000e5400000| Untracked |  0
|  85|0x00000000e5500000, 0x00000000e5500000, 0x00000000e5600000|  0%| F|  |TAMS 0x00000000e5500000| PB 0x00000000e5500000| Untracked |  0
|  86|0x00000000e5600000, 0x00000000e5600000, 0x00000000e5700000|  0%| F|  |TAMS 0x00000000e5600000| PB 0x00000000e5600000| Untracked |  0
|  87|0x00000000e5700000, 0x00000000e5700000, 0x00000000e5800000|  0%| F|  |TAMS 0x00000000e5700000| PB 0x00000000e5700000| Untracked |  0
|  88|0x00000000e5800000, 0x00000000e5800000, 0x00000000e5900000|  0%| F|  |TAMS 0x00000000e5800000| PB 0x00000000e5800000| Untracked |  0
|  89|0x00000000e5900000, 0x00000000e5900000, 0x00000000e5a00000|  0%| F|  |TAMS 0x00000000e5900000| PB 0x00000000e5900000| Untracked |  0
|  90|0x00000000e5a00000, 0x00000000e5a00000, 0x00000000e5b00000|  0%| F|  |TAMS 0x00000000e5a00000| PB 0x00000000e5a00000| Untracked |  0
|  91|0x00000000e5b00000, 0x00000000e5b00000, 0x00000000e5c00000|  0%| F|  |TAMS 0x00000000e5b00000| PB 0x00000000e5b00000| Untracked |  0
|  92|0x00000000e5c00000, 0x00000000e5c00000, 0x00000000e5d00000|  0%| F|  |TAMS 0x00000000e5c00000| PB 0x00000000e5c00000| Untracked |  0
|  93|0x00000000e5d00000, 0x00000000e5d00000, 0x00000000e5e00000|  0%| F|  |TAMS 0x00000000e5d00000| PB 0x00000000e5d00000| Untracked |  0
|  94|0x00000000e5e00000, 0x00000000e5e00000, 0x00000000e5f00000|  0%| F|  |TAMS 0x00000000e5e00000| PB 0x00000000e5e00000| Untracked |  0
|  95|0x00000000e5f00000, 0x00000000e5f00000, 0x00000000e6000000|  0%| F|  |TAMS 0x00000000e5f00000| PB 0x00000000e5f00000| Untracked |  0
|  96|0x00000000e6000000, 0x00000000e6000000, 0x00000000e6100000|  0%| F|  |TAMS 0x00000000e6000000| PB 0x00000000e6000000| Untracked |  0
|  97|0x00000000e6100000, 0x00000000e6100000, 0x00000000e6200000|  0%| F|  |TAMS 0x00000000e6100000| PB 0x00000000e6100000| Untracked |  0
|  98|0x00000000e6200000, 0x00000000e6200000, 0x00000000e6300000|  0%| F|  |TAMS 0x00000000e6200000| PB 0x00000000e6200000| Untracked |  0
|  99|0x00000000e6300000, 0x00000000e6300000, 0x00000000e6400000|  0%| F|  |TAMS 0x00000000e6300000| PB 0x00000000e6300000| Untracked |  0
| 100|0x00000000e6400000, 0x00000000e6400000, 0x00000000e6500000|  0%| F|  |TAMS 0x00000000e6400000| PB 0x00000000e6400000| Untracked |  0
| 101|0x00000000e6500000, 0x00000000e6500000, 0x00000000e6600000|  0%| F|  |TAMS 0x00000000e6500000| PB 0x00000000e6500000| Untracked |  0
| 102|0x00000000e6600000, 0x00000000e6600000, 0x00000000e6700000|  0%| F|  |TAMS 0x00000000e6600000| PB 0x00000000e6600000| Untracked |  0
| 103|0x00000000e6700000, 0x00000000e6700000, 0x00000000e6800000|  0%| F|  |TAMS 0x00000000e6700000| PB 0x00000000e6700000| Untracked |  0
| 104|0x00000000e6800000, 0x00000000e6800000, 0x00000000e6900000|  0%| F|  |TAMS 0x00000000e6800000| PB 0x00000000e6800000| Untracked |  0
| 105|0x00000000e6900000, 0x00000000e6900000, 0x00000000e6a00000|  0%| F|  |TAMS 0x00000000e6900000| PB 0x00000000e6900000| Untracked |  0
| 106|0x00000000e6a00000, 0x00000000e6a00000, 0x00000000e6b00000|  0%| F|  |TAMS 0x00000000e6a00000| PB 0x00000000e6a00000| Untracked |  0
| 107|0x00000000e6b00000, 0x00000000e6b00000, 0x00000000e6c00000|  0%| F|  |TAMS 0x00000000e6b00000| PB 0x00000000e6b00000| Untracked |  0
| 108|0x00000000e6c00000, 0x00000000e6c00000, 0x00000000e6d00000|  0%| F|  |TAMS 0x00000000e6c00000| PB 0x00000000e6c00000| Untracked |  0
| 109|0x00000000e6d00000, 0x00000000e6d00000, 0x00000000e6e00000|  0%| F|  |TAMS 0x00000000e6d00000| PB 0x00000000e6d00000| Untracked |  0
| 110|0x00000000e6e00000, 0x00000000e6e00000, 0x00000000e6f00000|  0%| F|  |TAMS 0x00000000e6e00000| PB 0x00000000e6e00000| Untracked |  0
| 111|0x00000000e6f00000, 0x00000000e6f00000, 0x00000000e7000000|  0%| F|  |TAMS 0x00000000e6f00000| PB 0x00000000e6f00000| Untracked |  0
| 112|0x00000000e7000000, 0x00000000e7000000, 0x00000000e7100000|  0%| F|  |TAMS 0x00000000e7000000| PB 0x00000000e7000000| Untracked |  0
| 113|0x00000000e7100000, 0x00000000e7100000, 0x00000000e7200000|  0%| F|  |TAMS 0x00000000e7100000| PB 0x00000000e7100000| Untracked |  0
| 114|0x00000000e7200000, 0x00000000e7200000, 0x00000000e7300000|  0%| F|  |TAMS 0x00000000e7200000| PB 0x00000000e7200000| Untracked |  0
| 115|0x00000000e7300000, 0x00000000e7300000, 0x00000000e7400000|  0%| F|  |TAMS 0x00000000e7300000| PB 0x00000000e7300000| Untracked |  0
| 116|0x00000000e7400000, 0x00000000e7400000, 0x00000000e7500000|  0%| F|  |TAMS 0x00000000e7400000| PB 0x00000000e7400000| Untracked |  0
| 117|0x00000000e7500000, 0x00000000e7500000, 0x00000000e7600000|  0%| F|  |TAMS 0x00000000e7500000| PB 0x00000000e7500000| Untracked |  0
| 118|0x00000000e7600000, 0x00000000e7600000, 0x00000000e7700000|  0%| F|  |TAMS 0x00000000e7600000| PB 0x00000000e7600000| Untracked |  0
| 119|0x00000000e7700000, 0x00000000e7700000, 0x00000000e7800000|  0%| F|  |TAMS 0x00000000e7700000| PB 0x00000000e7700000| Untracked |  0
| 120|0x00000000e7800000, 0x00000000e7800000, 0x00000000e7900000|  0%| F|  |TAMS 0x00000000e7800000| PB 0x00000000e7800000| Untracked |  0
| 121|0x00000000e7900000, 0x00000000e7900000, 0x00000000e7a00000|  0%| F|  |TAMS 0x00000000e7900000| PB 0x00000000e7900000| Untracked |  0
| 122|0x00000000e7a00000, 0x00000000e7a80000, 0x00000000e7b00000| 50%| E|  |TAMS 0x00000000e7a00000| PB 0x00000000e7a00000| Complete |  0
| 123|0x00000000e7b00000, 0x00000000e7c00000, 0x00000000e7c00000|100%| E|CS|TAMS 0x00000000e7b00000| PB 0x00000000e7b00000| Complete |  0
| 124|0x00000000e7c00000, 0x00000000e7d00000, 0x00000000e7d00000|100%| E|CS|TAMS 0x00000000e7c00000| PB 0x00000000e7c00000| Complete |  0
| 125|0x00000000e7d00000, 0x00000000e7e00000, 0x00000000e7e00000|100%| E|CS|TAMS 0x00000000e7d00000| PB 0x00000000e7d00000| Complete |  0
| 126|0x00000000e7e00000, 0x00000000e7f00000, 0x00000000e7f00000|100%| E|CS|TAMS 0x00000000e7e00000| PB 0x00000000e7e00000| Complete |  0
| 127|0x00000000e7f00000, 0x00000000e8000000, 0x00000000e8000000|100%| E|CS|TAMS 0x00000000e7f00000| PB 0x00000000e7f00000| Complete |  0
| 128|0x00000000e8000000, 0x00000000e8100000, 0x00000000e8100000|100%| E|CS|TAMS 0x00000000e8000000| PB 0x00000000e8000000| Complete |  0
| 129|0x00000000e8100000, 0x00000000e8200000, 0x00000000e8200000|100%| E|CS|TAMS 0x00000000e8100000| PB 0x00000000e8100000| Complete |  0
| 130|0x00000000e8200000, 0x00000000e8300000, 0x00000000e8300000|100%| E|CS|TAMS 0x00000000e8200000| PB 0x00000000e8200000| Complete |  0
| 131|0x00000000e8300000, 0x00000000e8400000, 0x00000000e8400000|100%| E|CS|TAMS 0x00000000e8300000| PB 0x00000000e8300000| Complete |  0
| 132|0x00000000e8400000, 0x00000000e8500000, 0x00000000e8500000|100%| E|CS|TAMS 0x00000000e8400000| PB 0x00000000e8400000| Complete |  0
| 133|0x00000000e8500000, 0x00000000e8600000, 0x00000000e8600000|100%| E|  |TAMS 0x00000000e8500000| PB 0x00000000e8500000| Complete |  0
| 134|0x00000000e8600000, 0x00000000e8700000, 0x00000000e8700000|100%| E|CS|TAMS 0x00000000e8600000| PB 0x00000000e8600000| Complete |  0
| 135|0x00000000e8700000, 0x00000000e8800000, 0x00000000e8800000|100%| E|CS|TAMS 0x00000000e8700000| PB 0x00000000e8700000| Complete |  0
| 136|0x00000000e8800000, 0x00000000e8900000, 0x00000000e8900000|100%| E|CS|TAMS 0x00000000e8800000| PB 0x00000000e8800000| Complete |  0
| 137|0x00000000e8900000, 0x00000000e8a00000, 0x00000000e8a00000|100%| E|CS|TAMS 0x00000000e8900000| PB 0x00000000e8900000| Complete |  0
| 138|0x00000000e8a00000, 0x00000000e8b00000, 0x00000000e8b00000|100%| E|CS|TAMS 0x00000000e8a00000| PB 0x00000000e8a00000| Complete |  0
| 139|0x00000000e8b00000, 0x00000000e8c00000, 0x00000000e8c00000|100%| E|CS|TAMS 0x00000000e8b00000| PB 0x00000000e8b00000| Complete |  0
| 140|0x00000000e8c00000, 0x00000000e8d00000, 0x00000000e8d00000|100%| E|CS|TAMS 0x00000000e8c00000| PB 0x00000000e8c00000| Complete |  0
| 141|0x00000000e8d00000, 0x00000000e8e00000, 0x00000000e8e00000|100%| E|CS|TAMS 0x00000000e8d00000| PB 0x00000000e8d00000| Complete |  0
| 142|0x00000000e8e00000, 0x00000000e8f00000, 0x00000000e8f00000|100%| E|CS|TAMS 0x00000000e8e00000| PB 0x00000000e8e00000| Complete |  0
| 143|0x00000000e8f00000, 0x00000000e9000000, 0x00000000e9000000|100%| E|CS|TAMS 0x00000000e8f00000| PB 0x00000000e8f00000| Complete |  0
| 144|0x00000000e9000000, 0x00000000e9100000, 0x00000000e9100000|100%| E|CS|TAMS 0x00000000e9000000| PB 0x00000000e9000000| Complete |  0
| 145|0x00000000e9100000, 0x00000000e9200000, 0x00000000e9200000|100%| E|CS|TAMS 0x00000000e9100000| PB 0x00000000e9100000| Complete |  0
| 146|0x00000000e9200000, 0x00000000e9300000, 0x00000000e9300000|100%| E|CS|TAMS 0x00000000e9200000| PB 0x00000000e9200000| Complete |  0
| 147|0x00000000e9300000, 0x00000000e9400000, 0x00000000e9400000|100%| E|CS|TAMS 0x00000000e9300000| PB 0x00000000e9300000| Complete |  0
| 148|0x00000000e9400000, 0x00000000e9500000, 0x00000000e9500000|100%| E|CS|TAMS 0x00000000e9400000| PB 0x00000000e9400000| Complete |  0
| 149|0x00000000e9500000, 0x00000000e9600000, 0x00000000e9600000|100%| E|CS|TAMS 0x00000000e9500000| PB 0x00000000e9500000| Complete |  0
| 150|0x00000000e9600000, 0x00000000e9700000, 0x00000000e9700000|100%| E|CS|TAMS 0x00000000e9600000| PB 0x00000000e9600000| Complete |  0
| 151|0x00000000e9700000, 0x00000000e9800000, 0x00000000e9800000|100%| E|CS|TAMS 0x00000000e9700000| PB 0x00000000e9700000| Complete |  0
| 152|0x00000000e9800000, 0x00000000e9900000, 0x00000000e9900000|100%| E|CS|TAMS 0x00000000e9800000| PB 0x00000000e9800000| Complete |  0
| 153|0x00000000e9900000, 0x00000000e9a00000, 0x00000000e9a00000|100%| E|CS|TAMS 0x00000000e9900000| PB 0x00000000e9900000| Complete |  0
| 154|0x00000000e9a00000, 0x00000000e9b00000, 0x00000000e9b00000|100%| E|CS|TAMS 0x00000000e9a00000| PB 0x00000000e9a00000| Complete |  0
| 155|0x00000000e9b00000, 0x00000000e9c00000, 0x00000000e9c00000|100%| E|CS|TAMS 0x00000000e9b00000| PB 0x00000000e9b00000| Complete |  0
| 156|0x00000000e9c00000, 0x00000000e9d00000, 0x00000000e9d00000|100%| E|CS|TAMS 0x00000000e9c00000| PB 0x00000000e9c00000| Complete |  0
| 157|0x00000000e9d00000, 0x00000000e9e00000, 0x00000000e9e00000|100%| E|CS|TAMS 0x00000000e9d00000| PB 0x00000000e9d00000| Complete |  0
| 158|0x00000000e9e00000, 0x00000000e9f00000, 0x00000000e9f00000|100%| E|CS|TAMS 0x00000000e9e00000| PB 0x00000000e9e00000| Complete |  0
| 159|0x00000000e9f00000, 0x00000000ea000000, 0x00000000ea000000|100%| E|CS|TAMS 0x00000000e9f00000| PB 0x00000000e9f00000| Complete |  0
| 160|0x00000000ea000000, 0x00000000ea100000, 0x00000000ea100000|100%| E|CS|TAMS 0x00000000ea000000| PB 0x00000000ea000000| Complete |  0
| 161|0x00000000ea100000, 0x00000000ea200000, 0x00000000ea200000|100%| E|CS|TAMS 0x00000000ea100000| PB 0x00000000ea100000| Complete |  0
| 162|0x00000000ea200000, 0x00000000ea300000, 0x00000000ea300000|100%| E|CS|TAMS 0x00000000ea200000| PB 0x00000000ea200000| Complete |  0
| 163|0x00000000ea300000, 0x00000000ea400000, 0x00000000ea400000|100%| E|CS|TAMS 0x00000000ea300000| PB 0x00000000ea300000| Complete |  0
| 164|0x00000000ea400000, 0x00000000ea500000, 0x00000000ea500000|100%| E|CS|TAMS 0x00000000ea400000| PB 0x00000000ea400000| Complete |  0
| 165|0x00000000ea500000, 0x00000000ea600000, 0x00000000ea600000|100%| E|CS|TAMS 0x00000000ea500000| PB 0x00000000ea500000| Complete |  0
| 166|0x00000000ea600000, 0x00000000ea700000, 0x00000000ea700000|100%| E|CS|TAMS 0x00000000ea600000| PB 0x00000000ea600000| Complete |  0
| 167|0x00000000ea700000, 0x00000000ea800000, 0x00000000ea800000|100%| E|CS|TAMS 0x00000000ea700000| PB 0x00000000ea700000| Complete |  0
| 168|0x00000000ea800000, 0x00000000ea900000, 0x00000000ea900000|100%| E|CS|TAMS 0x00000000ea800000| PB 0x00000000ea800000| Complete |  0
| 169|0x00000000ea900000, 0x00000000eaa00000, 0x00000000eaa00000|100%| E|CS|TAMS 0x00000000ea900000| PB 0x00000000ea900000| Complete |  0
| 170|0x00000000eaa00000, 0x00000000eab00000, 0x00000000eab00000|100%| E|CS|TAMS 0x00000000eaa00000| PB 0x00000000eaa00000| Complete |  0
| 171|0x00000000eab00000, 0x00000000eac00000, 0x00000000eac00000|100%| E|CS|TAMS 0x00000000eab00000| PB 0x00000000eab00000| Complete |  0
| 172|0x00000000eac00000, 0x00000000ead00000, 0x00000000ead00000|100%| E|CS|TAMS 0x00000000eac00000| PB 0x00000000eac00000| Complete |  0
| 173|0x00000000ead00000, 0x00000000eae00000, 0x00000000eae00000|100%| E|CS|TAMS 0x00000000ead00000| PB 0x00000000ead00000| Complete |  0
| 174|0x00000000eae00000, 0x00000000eaf00000, 0x00000000eaf00000|100%| E|CS|TAMS 0x00000000eae00000| PB 0x00000000eae00000| Complete |  0
| 175|0x00000000eaf00000, 0x00000000eb000000, 0x00000000eb000000|100%| E|CS|TAMS 0x00000000eaf00000| PB 0x00000000eaf00000| Complete |  0
| 176|0x00000000eb000000, 0x00000000eb100000, 0x00000000eb100000|100%| E|CS|TAMS 0x00000000eb000000| PB 0x00000000eb000000| Complete |  0
| 177|0x00000000eb100000, 0x00000000eb200000, 0x00000000eb200000|100%| E|CS|TAMS 0x00000000eb100000| PB 0x00000000eb100000| Complete |  0
| 178|0x00000000eb200000, 0x00000000eb300000, 0x00000000eb300000|100%| E|CS|TAMS 0x00000000eb200000| PB 0x00000000eb200000| Complete |  0
| 179|0x00000000eb300000, 0x00000000eb400000, 0x00000000eb400000|100%| E|CS|TAMS 0x00000000eb300000| PB 0x00000000eb300000| Complete |  0
| 180|0x00000000eb400000, 0x00000000eb500000, 0x00000000eb500000|100%| E|CS|TAMS 0x00000000eb400000| PB 0x00000000eb400000| Complete |  0
| 181|0x00000000eb500000, 0x00000000eb600000, 0x00000000eb600000|100%| E|CS|TAMS 0x00000000eb500000| PB 0x00000000eb500000| Complete |  0
| 182|0x00000000eb600000, 0x00000000eb700000, 0x00000000eb700000|100%| E|CS|TAMS 0x00000000eb600000| PB 0x00000000eb600000| Complete |  0
| 183|0x00000000eb700000, 0x00000000eb800000, 0x00000000eb800000|100%| E|CS|TAMS 0x00000000eb700000| PB 0x00000000eb700000| Complete |  0
| 184|0x00000000eb800000, 0x00000000eb900000, 0x00000000eb900000|100%| E|CS|TAMS 0x00000000eb800000| PB 0x00000000eb800000| Complete |  0
| 185|0x00000000eb900000, 0x00000000eba00000, 0x00000000eba00000|100%| E|CS|TAMS 0x00000000eb900000| PB 0x00000000eb900000| Complete |  0
| 186|0x00000000eba00000, 0x00000000ebb00000, 0x00000000ebb00000|100%| E|CS|TAMS 0x00000000eba00000| PB 0x00000000eba00000| Complete |  0
| 187|0x00000000ebb00000, 0x00000000ebc00000, 0x00000000ebc00000|100%| E|CS|TAMS 0x00000000ebb00000| PB 0x00000000ebb00000| Complete |  0
| 188|0x00000000ebc00000, 0x00000000ebd00000, 0x00000000ebd00000|100%| E|CS|TAMS 0x00000000ebc00000| PB 0x00000000ebc00000| Complete |  0
| 189|0x00000000ebd00000, 0x00000000ebe00000, 0x00000000ebe00000|100%| E|CS|TAMS 0x00000000ebd00000| PB 0x00000000ebd00000| Complete |  0
| 190|0x00000000ebe00000, 0x00000000ebf00000, 0x00000000ebf00000|100%| E|CS|TAMS 0x00000000ebe00000| PB 0x00000000ebe00000| Complete |  0
| 191|0x00000000ebf00000, 0x00000000ec000000, 0x00000000ec000000|100%| E|CS|TAMS 0x00000000ebf00000| PB 0x00000000ebf00000| Complete |  0
| 192|0x00000000ec000000, 0x00000000ec100000, 0x00000000ec100000|100%| E|CS|TAMS 0x00000000ec000000| PB 0x00000000ec000000| Complete |  0
| 193|0x00000000ec100000, 0x00000000ec200000, 0x00000000ec200000|100%| E|CS|TAMS 0x00000000ec100000| PB 0x00000000ec100000| Complete |  0
| 194|0x00000000ec200000, 0x00000000ec300000, 0x00000000ec300000|100%| E|CS|TAMS 0x00000000ec200000| PB 0x00000000ec200000| Complete |  0
| 195|0x00000000ec300000, 0x00000000ec400000, 0x00000000ec400000|100%| E|CS|TAMS 0x00000000ec300000| PB 0x00000000ec300000| Complete |  0
| 196|0x00000000ec400000, 0x00000000ec500000, 0x00000000ec500000|100%| E|CS|TAMS 0x00000000ec400000| PB 0x00000000ec400000| Complete |  0
| 197|0x00000000ec500000, 0x00000000ec600000, 0x00000000ec600000|100%| E|CS|TAMS 0x00000000ec500000| PB 0x00000000ec500000| Complete |  0
| 198|0x00000000ec600000, 0x00000000ec700000, 0x00000000ec700000|100%| E|CS|TAMS 0x00000000ec600000| PB 0x00000000ec600000| Complete |  0
| 199|0x00000000ec700000, 0x00000000ec800000, 0x00000000ec800000|100%| E|CS|TAMS 0x00000000ec700000| PB 0x00000000ec700000| Complete |  0
| 200|0x00000000ec800000, 0x00000000ec900000, 0x00000000ec900000|100%| E|CS|TAMS 0x00000000ec800000| PB 0x00000000ec800000| Complete |  0
| 201|0x00000000ec900000, 0x00000000eca00000, 0x00000000eca00000|100%| E|CS|TAMS 0x00000000ec900000| PB 0x00000000ec900000| Complete |  0
| 202|0x00000000eca00000, 0x00000000ecb00000, 0x00000000ecb00000|100%| E|CS|TAMS 0x00000000eca00000| PB 0x00000000eca00000| Complete |  0
| 203|0x00000000ecb00000, 0x00000000ecc00000, 0x00000000ecc00000|100%| E|CS|TAMS 0x00000000ecb00000| PB 0x00000000ecb00000| Complete |  0
| 204|0x00000000ecc00000, 0x00000000ecd00000, 0x00000000ecd00000|100%| E|CS|TAMS 0x00000000ecc00000| PB 0x00000000ecc00000| Complete |  0
| 205|0x00000000ecd00000, 0x00000000ece00000, 0x00000000ece00000|100%| E|CS|TAMS 0x00000000ecd00000| PB 0x00000000ecd00000| Complete |  0
| 206|0x00000000ece00000, 0x00000000ecf00000, 0x00000000ecf00000|100%| E|CS|TAMS 0x00000000ece00000| PB 0x00000000ece00000| Complete |  0
| 207|0x00000000ecf00000, 0x00000000ed000000, 0x00000000ed000000|100%| E|CS|TAMS 0x00000000ecf00000| PB 0x00000000ecf00000| Complete |  0
| 208|0x00000000ed000000, 0x00000000ed100000, 0x00000000ed100000|100%| E|CS|TAMS 0x00000000ed000000| PB 0x00000000ed000000| Complete |  0
| 209|0x00000000ed100000, 0x00000000ed200000, 0x00000000ed200000|100%| E|CS|TAMS 0x00000000ed100000| PB 0x00000000ed100000| Complete |  0
| 210|0x00000000ed200000, 0x00000000ed300000, 0x00000000ed300000|100%| E|CS|TAMS 0x00000000ed200000| PB 0x00000000ed200000| Complete |  0
| 211|0x00000000ed300000, 0x00000000ed400000, 0x00000000ed400000|100%| E|CS|TAMS 0x00000000ed300000| PB 0x00000000ed300000| Complete |  0
| 212|0x00000000ed400000, 0x00000000ed500000, 0x00000000ed500000|100%| E|CS|TAMS 0x00000000ed400000| PB 0x00000000ed400000| Complete |  0
| 213|0x00000000ed500000, 0x00000000ed600000, 0x00000000ed600000|100%| E|CS|TAMS 0x00000000ed500000| PB 0x00000000ed500000| Complete |  0
| 214|0x00000000ed600000, 0x00000000ed700000, 0x00000000ed700000|100%| E|CS|TAMS 0x00000000ed600000| PB 0x00000000ed600000| Complete |  0
| 215|0x00000000ed700000, 0x00000000ed800000, 0x00000000ed800000|100%| E|CS|TAMS 0x00000000ed700000| PB 0x00000000ed700000| Complete |  0
| 216|0x00000000ed800000, 0x00000000ed8f40a8, 0x00000000ed900000| 95%| S|CS|TAMS 0x00000000ed800000| PB 0x00000000ed800000| Complete |  0
| 217|0x00000000ed900000, 0x00000000eda00000, 0x00000000eda00000|100%| S|CS|TAMS 0x00000000ed900000| PB 0x00000000ed900000| Complete |  0
| 218|0x00000000eda00000, 0x00000000edb00000, 0x00000000edb00000|100%| E|CS|TAMS 0x00000000eda00000| PB 0x00000000eda00000| Complete |  0
| 219|0x00000000edb00000, 0x00000000edc00000, 0x00000000edc00000|100%| E|CS|TAMS 0x00000000edb00000| PB 0x00000000edb00000| Complete |  0
| 220|0x00000000edc00000, 0x00000000edd00000, 0x00000000edd00000|100%| E|CS|TAMS 0x00000000edc00000| PB 0x00000000edc00000| Complete |  0
| 221|0x00000000edd00000, 0x00000000ede00000, 0x00000000ede00000|100%| E|CS|TAMS 0x00000000edd00000| PB 0x00000000edd00000| Complete |  0
| 222|0x00000000ede00000, 0x00000000edf00000, 0x00000000edf00000|100%| E|CS|TAMS 0x00000000ede00000| PB 0x00000000ede00000| Complete |  0
| 223|0x00000000edf00000, 0x00000000ee000000, 0x00000000ee000000|100%| E|CS|TAMS 0x00000000edf00000| PB 0x00000000edf00000| Complete |  0
| 224|0x00000000ee000000, 0x00000000ee100000, 0x00000000ee100000|100%| E|CS|TAMS 0x00000000ee000000| PB 0x00000000ee000000| Complete |  0
| 225|0x00000000ee100000, 0x00000000ee200000, 0x00000000ee200000|100%| E|CS|TAMS 0x00000000ee100000| PB 0x00000000ee100000| Complete |  0
| 226|0x00000000ee200000, 0x00000000ee300000, 0x00000000ee300000|100%| E|CS|TAMS 0x00000000ee200000| PB 0x00000000ee200000| Complete |  0
| 227|0x00000000ee300000, 0x00000000ee400000, 0x00000000ee400000|100%| E|CS|TAMS 0x00000000ee300000| PB 0x00000000ee300000| Complete |  0
| 228|0x00000000ee400000, 0x00000000ee500000, 0x00000000ee500000|100%| E|CS|TAMS 0x00000000ee400000| PB 0x00000000ee400000| Complete |  0
| 229|0x00000000ee500000, 0x00000000ee600000, 0x00000000ee600000|100%| E|CS|TAMS 0x00000000ee500000| PB 0x00000000ee500000| Complete |  0
| 230|0x00000000ee600000, 0x00000000ee700000, 0x00000000ee700000|100%| E|CS|TAMS 0x00000000ee600000| PB 0x00000000ee600000| Complete |  0
| 231|0x00000000ee700000, 0x00000000ee800000, 0x00000000ee800000|100%| E|CS|TAMS 0x00000000ee700000| PB 0x00000000ee700000| Complete |  0
| 232|0x00000000ee800000, 0x00000000ee900000, 0x00000000ee900000|100%| E|CS|TAMS 0x00000000ee800000| PB 0x00000000ee800000| Complete |  0
| 233|0x00000000ee900000, 0x00000000eea00000, 0x00000000eea00000|100%| E|CS|TAMS 0x00000000ee900000| PB 0x00000000ee900000| Complete |  0
| 234|0x00000000eea00000, 0x00000000eeb00000, 0x00000000eeb00000|100%| E|CS|TAMS 0x00000000eea00000| PB 0x00000000eea00000| Complete |  0
| 235|0x00000000eeb00000, 0x00000000eec00000, 0x00000000eec00000|100%| E|CS|TAMS 0x00000000eeb00000| PB 0x00000000eeb00000| Complete |  0
| 236|0x00000000eec00000, 0x00000000eed00000, 0x00000000eed00000|100%| E|CS|TAMS 0x00000000eec00000| PB 0x00000000eec00000| Complete |  0
| 237|0x00000000eed00000, 0x00000000eee00000, 0x00000000eee00000|100%| E|CS|TAMS 0x00000000eed00000| PB 0x00000000eed00000| Complete |  0
| 238|0x00000000eee00000, 0x00000000eef00000, 0x00000000eef00000|100%| E|CS|TAMS 0x00000000eee00000| PB 0x00000000eee00000| Complete |  0
| 239|0x00000000eef00000, 0x00000000ef000000, 0x00000000ef000000|100%| E|CS|TAMS 0x00000000eef00000| PB 0x00000000eef00000| Complete |  0
| 240|0x00000000ef000000, 0x00000000ef100000, 0x00000000ef100000|100%| E|CS|TAMS 0x00000000ef000000| PB 0x00000000ef000000| Complete |  0
| 241|0x00000000ef100000, 0x00000000ef200000, 0x00000000ef200000|100%| E|CS|TAMS 0x00000000ef100000| PB 0x00000000ef100000| Complete |  0
| 242|0x00000000ef200000, 0x00000000ef300000, 0x00000000ef300000|100%| E|CS|TAMS 0x00000000ef200000| PB 0x00000000ef200000| Complete |  0
| 243|0x00000000ef300000, 0x00000000ef400000, 0x00000000ef400000|100%| E|CS|TAMS 0x00000000ef300000| PB 0x00000000ef300000| Complete |  0
| 244|0x00000000ef400000, 0x00000000ef500000, 0x00000000ef500000|100%| E|CS|TAMS 0x00000000ef400000| PB 0x00000000ef400000| Complete |  0
| 245|0x00000000ef500000, 0x00000000ef600000, 0x00000000ef600000|100%| E|CS|TAMS 0x00000000ef500000| PB 0x00000000ef500000| Complete |  0
| 246|0x00000000ef600000, 0x00000000ef700000, 0x00000000ef700000|100%| E|CS|TAMS 0x00000000ef600000| PB 0x00000000ef600000| Complete |  0
| 247|0x00000000ef700000, 0x00000000ef800000, 0x00000000ef800000|100%| E|CS|TAMS 0x00000000ef700000| PB 0x00000000ef700000| Complete |  0
| 248|0x00000000ef800000, 0x00000000ef900000, 0x00000000ef900000|100%| E|CS|TAMS 0x00000000ef800000| PB 0x00000000ef800000| Complete |  0
| 249|0x00000000ef900000, 0x00000000efa00000, 0x00000000efa00000|100%| E|CS|TAMS 0x00000000ef900000| PB 0x00000000ef900000| Complete |  0
| 250|0x00000000efa00000, 0x00000000efb00000, 0x00000000efb00000|100%| E|CS|TAMS 0x00000000efa00000| PB 0x00000000efa00000| Complete |  0
| 251|0x00000000efb00000, 0x00000000efc00000, 0x00000000efc00000|100%| E|CS|TAMS 0x00000000efb00000| PB 0x00000000efb00000| Complete |  0
| 252|0x00000000efc00000, 0x00000000efd00000, 0x00000000efd00000|100%| E|CS|TAMS 0x00000000efc00000| PB 0x00000000efc00000| Complete |  0
| 253|0x00000000efd00000, 0x00000000efe00000, 0x00000000efe00000|100%| E|CS|TAMS 0x00000000efd00000| PB 0x00000000efd00000| Complete |  0

Card table byte_map: [0x000001e637c80000,0x000001e637d80000] _byte_map_base: 0x000001e637580000

Marking Bits: (CMBitMap*) 0x000001e61ffd7060
 Bits: [0x000001e637d80000, 0x000001e638580000)

Polling page: 0x000001e61df60000

Metaspace:

Usage:
  Non-class:     17.30 MB used.
      Class:      2.28 MB used.
       Both:     19.58 MB used.

Virtual space:
  Non-class space:       64.00 MB reserved,      17.50 MB ( 27%) committed,  1 nodes.
      Class space:        1.00 GB reserved,       2.38 MB ( <1%) committed,  1 nodes.
             Both:        1.06 GB reserved,      19.88 MB (  2%) committed. 

Chunk freelists:
   Non-Class:  13.73 MB
       Class:  13.50 MB
        Both:  27.23 MB

MaxMetaspaceSize: unlimited
CompressedClassSpaceSize: 1.00 GB
Initial GC threshold: 21.00 MB
Current GC threshold: 21.00 MB
CDS: on
 - commit_granule_bytes: 65536.
 - commit_granule_words: 8192.
 - virtual_space_node_default_size: 8388608.
 - enlarge_chunks_in_place: 1.
 - use_allocation_guard: 0.


Internal statistics:

num_allocs_failed_limit: 0.
num_arena_births: 214.
num_arena_deaths: 0.
num_vsnodes_births: 2.
num_vsnodes_deaths: 0.
num_space_committed: 318.
num_space_uncommitted: 0.
num_chunks_returned_to_freelist: 0.
num_chunks_taken_from_freelist: 915.
num_chunk_merges: 0.
num_chunk_splits: 627.
num_chunks_enlarged: 504.
num_inconsistent_stats: 0.

CodeHeap 'non-profiled nmethods': size=119168Kb used=2885Kb max_used=2885Kb free=116282Kb
 bounds [0x000001e62fe90000, 0x000001e630170000, 0x000001e6372f0000]
CodeHeap 'profiled nmethods': size=119104Kb used=11215Kb max_used=11215Kb free=107888Kb
 bounds [0x000001e6282f0000, 0x000001e628df0000, 0x000001e62f740000]
CodeHeap 'non-nmethods': size=7488Kb used=3133Kb max_used=3221Kb free=4354Kb
 bounds [0x000001e62f740000, 0x000001e62fa70000, 0x000001e62fe90000]
 total_blobs=5882 nmethods=5351 adapters=432
 compilation: enabled
              stopped_count=0, restarted_count=0
 full_count=0

Compilation events (20 events):
Event: 2.394 Thread 0x000001e63b781d40 nmethod 5217 0x000001e628d8e110 code [0x000001e628d8e320, 0x000001e628d8e9f8]
Event: 2.394 Thread 0x000001e63b781d40 5222  s    3       java.util.zip.Inflater$InflaterZStreamRef::run (21 bytes)
Event: 2.395 Thread 0x000001e63b781d40 nmethod 5222 0x000001e628d8ed90 code [0x000001e628d8ef40, 0x000001e628d8f180]
Event: 2.395 Thread 0x000001e67d2ca2b0 nmethod 5221 0x000001e628d8f290 code [0x000001e628d8f460, 0x000001e628d8f860]
Event: 2.395 Thread 0x000001e63b781d40 5224       3       java.util.Collections$SetFromMap::isEmpty (10 bytes)
Event: 2.395 Thread 0x000001e67d2ca2b0 5225   !   3       java.util.zip.ZipFile$Source::release (50 bytes)
Event: 2.395 Thread 0x000001e63b67e9b0 nmethod 5220 0x000001e628d8fa10 code [0x000001e628d8fc00, 0x000001e628d90210]
Event: 2.395 Thread 0x000001e63b781d40 nmethod 5224 0x000001e628d90510 code [0x000001e628d906c0, 0x000001e628d90898]
Event: 2.395 Thread 0x000001e67d2ca2b0 nmethod 5225 0x000001e628d90990 code [0x000001e628d90b60, 0x000001e628d90ee0]
Event: 2.395 Thread 0x000001e67d2c85d0 nmethod 5219 0x000001e628d91090 code [0x000001e628d91340, 0x000001e628d923a8]
Event: 2.397 Thread 0x000001e67d9aaef0 5226       4       java.lang.ThreadLocal::getCarrierThreadLocal (29 bytes)
Event: 2.399 Thread 0x000001e67d9aaef0 nmethod 5226 0x000001e630154290 code [0x000001e630154440, 0x000001e6301545e8]
Event: 2.404 Thread 0x000001e67d9aaef0 5227       4       jdk.internal.ref.PhantomCleanable::<init> (49 bytes)
Event: 2.405 Thread 0x000001e63b781d40 5228       3       sun.nio.fs.WindowsPath::getNameCount (10 bytes)
Event: 2.405 Thread 0x000001e63b781d40 nmethod 5228 0x000001e628d92b90 code [0x000001e628d92d40, 0x000001e628d92e98]
Event: 2.406 Thread 0x000001e67d2c85d0 5229       3       sun.nio.fs.WindowsPath::getFileName (87 bytes)
Event: 2.407 Thread 0x000001e63b781d40 5230       3       java.lang.Math::min (46 bytes)
Event: 2.407 Thread 0x000001e67d2c85d0 nmethod 5229 0x000001e628d92f90 code [0x000001e628d93260, 0x000001e628d940a8]
Event: 2.407 Thread 0x000001e63b781d40 nmethod 5230 0x000001e628d94590 code [0x000001e628d94740, 0x000001e628d94a60]
Event: 2.410 Thread 0x000001e67d9aaef0 nmethod 5227 0x000001e630154790 code [0x000001e630154980, 0x000001e6301554f0]

GC Heap History (4 events):
Event: 0.359 GC heap before
{Heap before GC invocations=0 (full 0):
 garbage-first heap   total reserved 524288K, committed 260096K, used 24576K [0x00000000e0000000, 0x0000000100000000)
  region size 1024K, 24 young (24576K), 0 survivors (0K)
 Metaspace       used 5564K, committed 5760K, reserved 1114112K
  class space    used 663K, committed 768K, reserved 1048576K
}
Event: 0.362 GC heap after
{Heap after GC invocations=1 (full 0):
 garbage-first heap   total reserved 524288K, committed 260096K, used 3738K [0x00000000e0000000, 0x0000000100000000)
  region size 1024K, 3 young (3072K), 3 survivors (3072K)
 Metaspace       used 5564K, committed 5760K, reserved 1114112K
  class space    used 663K, committed 768K, reserved 1048576K
}
Event: 0.770 GC heap before
{Heap before GC invocations=1 (full 0):
 garbage-first heap   total reserved 524288K, committed 260096K, used 37530K [0x00000000e0000000, 0x0000000100000000)
  region size 1024K, 36 young (36864K), 3 survivors (3072K)
 Metaspace       used 10187K, committed 10368K, reserved 1114112K
  class space    used 1239K, committed 1344K, reserved 1048576K
}
Event: 0.773 GC heap after
{Heap after GC invocations=2 (full 0):
 garbage-first heap   total reserved 524288K, committed 260096K, used 5829K [0x00000000e0000000, 0x0000000100000000)
  region size 1024K, 2 young (2048K), 2 survivors (2048K)
 Metaspace       used 10187K, committed 10368K, reserved 1114112K
  class space    used 1239K, committed 1344K, reserved 1048576K
}

Dll operation events (8 events):
Event: 0.006 Loaded shared library C:\Program Files\Java\jdk-22\bin\java.dll
Event: 0.026 Loaded shared library C:\Program Files\Java\jdk-22\bin\jsvml.dll
Event: 0.037 Loaded shared library C:\Program Files\Java\jdk-22\bin\net.dll
Event: 0.038 Loaded shared library C:\Program Files\Java\jdk-22\bin\nio.dll
Event: 0.040 Loaded shared library C:\Program Files\Java\jdk-22\bin\zip.dll
Event: 0.106 Loaded shared library C:\Program Files\Java\jdk-22\bin\jimage.dll
Event: 0.106 Loaded shared library C:\workspace\apache-maven-3.9.9-bin\apache-maven-3.9.9\lib\jansi-native\Windows\x86_64\jansi.dll
Event: 0.116 Loaded shared library C:\Program Files\Java\jdk-22\bin\verify.dll

Deoptimization events (20 events):
Event: 2.260 Thread 0x000001e61dc6d050 Uncommon trap: trap_request=0xffffffbe fr.pc=0x000001e62ff9e880 relative=0x00000000000011e0
Event: 2.260 Thread 0x000001e61dc6d050 Uncommon trap: reason=profile_predicate action=maybe_recompile pc=0x000001e62ff9e880 method=java.util.TimSort.binarySort([Ljava/lang/Object;IIILjava/util/Comparator;)V @ 34 c2
Event: 2.260 Thread 0x000001e61dc6d050 DEOPT PACKING pc=0x000001e62ff9e880 sp=0x000000cef52fdb40
Event: 2.260 Thread 0x000001e61dc6d050 DEOPT UNPACKING pc=0x000001e62f7946a2 sp=0x000000cef52fdb10 mode 2
Event: 2.260 Thread 0x000001e61dc6d050 Uncommon trap: trap_request=0xffffffbe fr.pc=0x000001e62ff9e880 relative=0x00000000000011e0
Event: 2.260 Thread 0x000001e61dc6d050 Uncommon trap: reason=profile_predicate action=maybe_recompile pc=0x000001e62ff9e880 method=java.util.TimSort.binarySort([Ljava/lang/Object;IIILjava/util/Comparator;)V @ 34 c2
Event: 2.260 Thread 0x000001e61dc6d050 DEOPT PACKING pc=0x000001e62ff9e880 sp=0x000000cef52fdb40
Event: 2.260 Thread 0x000001e61dc6d050 DEOPT UNPACKING pc=0x000001e62f7946a2 sp=0x000000cef52fdb10 mode 2
Event: 2.267 Thread 0x000001e61dc6d050 Uncommon trap: trap_request=0xffffff45 fr.pc=0x000001e62ffcb104 relative=0x00000000000000e4
Event: 2.267 Thread 0x000001e61dc6d050 Uncommon trap: reason=unstable_if action=reinterpret pc=0x000001e62ffcb104 method=java.util.Spliterator.getExactSizeIfKnown()J @ 9 c2
Event: 2.267 Thread 0x000001e61dc6d050 DEOPT PACKING pc=0x000001e62ffcb104 sp=0x000000cef52fddb0
Event: 2.267 Thread 0x000001e61dc6d050 DEOPT UNPACKING pc=0x000001e62f7946a2 sp=0x000000cef52fdd48 mode 2
Event: 2.361 Thread 0x000001e61dc6d050 Uncommon trap: trap_request=0xffffff45 fr.pc=0x000001e62ff4fbe4 relative=0x0000000000000da4
Event: 2.361 Thread 0x000001e61dc6d050 Uncommon trap: reason=unstable_if action=reinterpret pc=0x000001e62ff4fbe4 method=jdk.internal.jimage.ImageLocation.verifyName(Ljava/lang/String;Ljava/lang/String;IIIIIILjdk/internal/jimage/ImageStrings;)Z @ 45 c2
Event: 2.361 Thread 0x000001e61dc6d050 DEOPT PACKING pc=0x000001e62ff4fbe4 sp=0x000000cef52fcb50
Event: 2.361 Thread 0x000001e61dc6d050 DEOPT UNPACKING pc=0x000001e62f7946a2 sp=0x000000cef52fc868 mode 2
Event: 2.368 Thread 0x000001e61dc6d050 Uncommon trap: trap_request=0xffffff45 fr.pc=0x000001e630050b28 relative=0x00000000000017c8
Event: 2.368 Thread 0x000001e61dc6d050 Uncommon trap: reason=unstable_if action=reinterpret pc=0x000001e630050b28 method=java.util.zip.InflaterInputStream.read([BII)I @ 25 c2
Event: 2.368 Thread 0x000001e61dc6d050 DEOPT PACKING pc=0x000001e630050b28 sp=0x000000cef52fcf00
Event: 2.368 Thread 0x000001e61dc6d050 DEOPT UNPACKING pc=0x000001e62f7946a2 sp=0x000000cef52fcf60 mode 2

Classes loaded (20 events):
Event: 2.360 Loading class java/nio/file/FileStore
Event: 2.360 Loading class java/nio/file/FileStore done
Event: 2.360 Loading class java/nio/channels/AsynchronousFileChannel
Event: 2.360 Loading class java/nio/channels/AsynchronousChannel
Event: 2.360 Loading class java/nio/channels/AsynchronousChannel done
Event: 2.360 Loading class java/nio/channels/AsynchronousFileChannel done
Event: 2.360 Loading class jdk/internal/jrtfs/JrtFileSystemProvider
Event: 2.361 Loading class jdk/internal/jrtfs/JrtFileSystemProvider done
Event: 2.361 Loading class sun/net/www/protocol/jrt/JavaRuntimeURLConnection
Event: 2.361 Loading class sun/net/www/protocol/jrt/JavaRuntimeURLConnection done
Event: 2.361 Loading class sun/net/www/protocol/jrt/JavaRuntimeURLConnection$1
Event: 2.361 Loading class sun/net/www/protocol/jrt/JavaRuntimeURLConnection$1 done
Event: 2.361 Loading class jdk/internal/jimage/ImageBufferCache
Event: 2.362 Loading class jdk/internal/jimage/ImageBufferCache done
Event: 2.362 Loading class jdk/internal/jimage/ImageBufferCache$1
Event: 2.362 Loading class jdk/internal/jimage/ImageBufferCache$1 done
Event: 2.362 Loading class jdk/internal/jimage/ImageBufferCache$2
Event: 2.362 Loading class jdk/internal/jimage/ImageBufferCache$2 done
Event: 2.362 Loading class java/util/AbstractMap$SimpleEntry
Event: 2.362 Loading class java/util/AbstractMap$SimpleEntry done

Classes unloaded (0 events):
No events

Classes redefined (0 events):
No events

Internal exceptions (20 events):
Event: 1.007 Thread 0x000001e61dc6d050 Exception <a 'java/lang/NoSuchMethodError'{0x00000000eefbb680}: 'java.lang.Object java.lang.invoke.DirectMethodHandle$Holder.invokeStaticInit(java.lang.Object, int, int, int, int)'> (0x00000000eefbb680) 
thrown [s\open\src\hotspot\share\interpreter\linkResolver.cpp, line 774]
Event: 1.073 Thread 0x000001e61dc6d050 Implicit null exception at 0x000001e62febcfa4 to 0x000001e62febd63c
Event: 1.074 Thread 0x000001e61dc6d050 Implicit null exception at 0x000001e62fecf8a0 to 0x000001e62fecff14
Event: 1.096 Thread 0x000001e61dc6d050 Exception <a 'java/lang/NoSuchMethodError'{0x00000000ee9463e8}: 'void java.lang.invoke.DirectMethodHandle$Holder.invokeSpecial(java.lang.Object, java.lang.Object, java.lang.Object, java.lang.Object, java.lang.Object)'> (0x00000000ee9463e8) 
thrown [s\open\src\hotspot\share\interpreter\linkResolver.cpp, line 774]
Event: 1.098 Thread 0x000001e61dc6d050 Exception <a 'java/lang/NoSuchMethodError'{0x00000000ee95c9f8}: 'void java.lang.invoke.DirectMethodHandle$Holder.invokeSpecial(java.lang.Object, java.lang.Object, java.lang.Object, java.lang.Object, java.lang.Object, java.lang.Object)'> (0x00000000ee95c9f8) 
thrown [s\open\src\hotspot\share\interpreter\linkResolver.cpp, line 774]
Event: 1.106 Thread 0x000001e61dc6d050 Exception <a 'java/lang/NoSuchMethodError'{0x00000000ee857110}: 'java.lang.Object java.lang.invoke.DirectMethodHandle$Holder.invokeVirtual(java.lang.Object, java.lang.Object, java.lang.Object)'> (0x00000000ee857110) 
thrown [s\open\src\hotspot\share\interpreter\linkResolver.cpp, line 774]
Event: 1.135 Thread 0x000001e61dc6d050 Exception <a 'java/lang/NoSuchMethodError'{0x00000000ee7c2830}: 'void java.lang.invoke.DirectMethodHandle$Holder.invokeVirtual(java.lang.Object, java.lang.Object, int)'> (0x00000000ee7c2830) 
thrown [s\open\src\hotspot\share\interpreter\linkResolver.cpp, line 774]
Event: 1.136 Thread 0x000001e61dc6d050 Exception <a 'java/lang/NoSuchMethodError'{0x00000000ee7c6630}: 'void java.lang.invoke.DirectMethodHandle$Holder.invokeSpecial(java.lang.Object, java.lang.Object, java.lang.Object, int)'> (0x00000000ee7c6630) 
thrown [s\open\src\hotspot\share\interpreter\linkResolver.cpp, line 774]
Event: 1.136 Thread 0x000001e61dc6d050 Exception <a 'java/lang/NoSuchMethodError'{0x00000000ee7c9d00}: 'void java.lang.invoke.DelegatingMethodHandle$Holder.reinvoke_L(java.lang.Object, java.lang.Object, int)'> (0x00000000ee7c9d00) 
thrown [s\open\src\hotspot\share\interpreter\linkResolver.cpp, line 774]
Event: 1.381 Thread 0x000001e61dc6d050 Implicit null exception at 0x000001e62ffee9e2 to 0x000001e62ffefdac
Event: 1.382 Thread 0x000001e61dc6d050 Implicit null exception at 0x000001e62ff6ce1b to 0x000001e62ff6d01c
Event: 1.382 Thread 0x000001e61dc6d050 Implicit null exception at 0x000001e62ffbec0d to 0x000001e62ffbf4bc
Event: 1.808 Thread 0x000001e61dc6d050 Implicit null exception at 0x000001e62ff9c640 to 0x000001e62ff9c6c2
Event: 1.881 Thread 0x000001e61dc6d050 Exception <a 'java/lang/NoSuchMethodError'{0x00000000ea1933f8}: 'java.lang.Object java.lang.invoke.DirectMethodHandle$Holder.newInvokeSpecial(java.lang.Object, java.lang.Object, java.lang.Object, java.lang.Object, java.lang.Object, java.lang.Object, java.lang.Object)'> (0x00000000ea1933f8) 
thrown [s\open\src\hotspot\share\interpreter\linkResolver.cpp, line 774]
Event: 1.983 Thread 0x000001e61dc6d050 Implicit null exception at 0x000001e6300a8473 to 0x000001e6300a8c68
Event: 1.989 Thread 0x000001e61dc6d050 Exception <a 'java/lang/NoSuchMethodError'{0x00000000e975e478}: 'int java.lang.invoke.DirectMethodHandle$Holder.invokeVirtual(java.lang.Object, java.lang.Object)'> (0x00000000e975e478) 
thrown [s\open\src\hotspot\share\interpreter\linkResolver.cpp, line 774]
Event: 2.007 Thread 0x000001e61dc6d050 Exception <a 'java/lang/NoSuchMethodError'{0x00000000e96fdb98}: 'void java.lang.invoke.Invokers$Holder.invokeExact_MT(java.lang.Object, java.lang.Object, int, java.lang.Object)'> (0x00000000e96fdb98) 
thrown [s\open\src\hotspot\share\interpreter\linkResolver.cpp, line 774]
Event: 2.267 Thread 0x000001e61dc6d050 Exception <a 'java/lang/IncompatibleClassChangeError'{0x00000000e88e9e50}: Found class java.lang.Object, but interface was expected> (0x00000000e88e9e50) 
thrown [s\open\src\hotspot\share\interpreter\linkResolver.cpp, line 841]
Event: 2.269 Thread 0x000001e61dc6d050 Exception <a 'java/lang/NoSuchMethodError'{0x00000000e88f2b80}: 'void java.lang.invoke.DirectMethodHandle$Holder.invokeInterface(java.lang.Object, java.lang.Object, java.lang.Object)'> (0x00000000e88f2b80) 
thrown [s\open\src\hotspot\share\interpreter\linkResolver.cpp, line 774]
Event: 2.358 Thread 0x000001e61dc6d050 Exception <a 'java/lang/NoSuchMethodError'{0x00000000e86c3970}: 'int java.lang.invoke.DirectMethodHandle$Holder.invokeInterface(java.lang.Object, java.lang.Object)'> (0x00000000e86c3970) 
thrown [s\open\src\hotspot\share\interpreter\linkResolver.cpp, line 774]

ZGC Phase Switch (0 events):
No events

VM Operations (20 events):
Event: 1.058 Executing VM operation: HandshakeAllThreads (Deoptimize)
Event: 1.058 Executing VM operation: HandshakeAllThreads (Deoptimize) done
Event: 1.271 Executing VM operation: ICBufferFull
Event: 1.271 Executing VM operation: ICBufferFull done
Event: 1.459 Executing VM operation: ICBufferFull
Event: 1.460 Executing VM operation: ICBufferFull done
Event: 1.684 Executing VM operation: ICBufferFull
Event: 1.685 Executing VM operation: ICBufferFull done
Event: 1.940 Executing VM operation: ICBufferFull
Event: 1.940 Executing VM operation: ICBufferFull done
Event: 2.006 Executing VM operation: HandshakeAllThreads (Deoptimize)
Event: 2.006 Executing VM operation: HandshakeAllThreads (Deoptimize) done
Event: 2.056 Executing VM operation: ICBufferFull
Event: 2.056 Executing VM operation: ICBufferFull done
Event: 2.268 Executing VM operation: HandshakeAllThreads (Deoptimize)
Event: 2.268 Executing VM operation: HandshakeAllThreads (Deoptimize) done
Event: 2.294 Executing VM operation: HandshakeAllThreads (Deoptimize)
Event: 2.294 Executing VM operation: HandshakeAllThreads (Deoptimize) done
Event: 2.357 Executing VM operation: HandshakeAllThreads (Deoptimize)
Event: 2.357 Executing VM operation: HandshakeAllThreads (Deoptimize) done

Events (20 events):
Event: 0.025 Thread 0x000001e63b66e530 Thread added: 0x000001e63b66e530
Event: 0.025 Thread 0x000001e63b676fa0 Thread added: 0x000001e63b676fa0
Event: 0.025 Thread 0x000001e63b679b40 Thread added: 0x000001e63b679b40
Event: 0.025 Thread 0x000001e63b67aa00 Thread added: 0x000001e63b67aa00
Event: 0.025 Thread 0x000001e63b67e9b0 Thread added: 0x000001e63b67e9b0
Event: 0.031 Thread 0x000001e63b781d40 Thread added: 0x000001e63b781d40
Event: 0.034 Thread 0x000001e63b8314a0 Thread added: 0x000001e63b8314a0
Event: 0.035 Thread 0x000001e63b83a180 Thread added: 0x000001e63b83a180
Event: 0.085 Thread 0x000001e63b85fd40 Thread added: 0x000001e63b85fd40
Event: 0.105 Thread 0x000001e67d117da0 Thread added: 0x000001e67d117da0
Event: 0.110 Thread 0x000001e67d117da0 Thread exited: 0x000001e67d117da0
Event: 0.173 Thread 0x000001e67d2c85d0 Thread added: 0x000001e67d2c85d0
Event: 0.174 Thread 0x000001e67d2ca2b0 Thread added: 0x000001e67d2ca2b0
Event: 0.330 Thread 0x000001e67d9aaef0 Thread added: 0x000001e67d9aaef0
Event: 0.331 Thread 0x000001e67d46ec90 Thread added: 0x000001e67d46ec90
Event: 0.340 Thread 0x000001e67d7b9170 Thread added: 0x000001e67d7b9170
Event: 0.344 Thread 0x000001e67de0d110 Thread added: 0x000001e67de0d110
Event: 0.344 Thread 0x000001e67deb5da0 Thread added: 0x000001e67deb5da0
Event: 0.344 Thread 0x000001e67d7fda50 Thread added: 0x000001e67d7fda50
Event: 1.043 Thread 0x000001e67d94b2c0 Thread added: 0x000001e67d94b2c0


Dynamic libraries:
0x00007ff6eebd0000 - 0x00007ff6eebe0000 	C:\Program Files\Java\jdk-22\bin\java.exe
0x00007ff87b330000 - 0x00007ff87b547000 	C:\WINDOWS\SYSTEM32\ntdll.dll
0x00007ff87a2c0000 - 0x00007ff87a384000 	C:\WINDOWS\System32\KERNEL32.DLL
0x00007ff878760000 - 0x00007ff878b0d000 	C:\WINDOWS\System32\KERNELBASE.dll
0x00007ff878bd0000 - 0x00007ff878ce1000 	C:\WINDOWS\System32\ucrtbase.dll
0x00007ff8740f0000 - 0x00007ff87410b000 	C:\Program Files\Java\jdk-22\bin\VCRUNTIME140.dll
0x00007ff8738e0000 - 0x00007ff8738f7000 	C:\Program Files\Java\jdk-22\bin\jli.dll
0x00007ff87ae90000 - 0x00007ff87af42000 	C:\WINDOWS\System32\ADVAPI32.dll
0x00007ff87af70000 - 0x00007ff87b017000 	C:\WINDOWS\System32\msvcrt.dll
0x00007ff87b190000 - 0x00007ff87b239000 	C:\WINDOWS\System32\sechost.dll
0x00007ff879030000 - 0x00007ff879058000 	C:\WINDOWS\System32\bcrypt.dll
0x00007ff879920000 - 0x00007ff879a34000 	C:\WINDOWS\System32\RPCRT4.dll
0x00007ff879a40000 - 0x00007ff879bee000 	C:\WINDOWS\System32\USER32.dll
0x00007ff878cf0000 - 0x00007ff878d16000 	C:\WINDOWS\System32\win32u.dll
0x00007ff85c9c0000 - 0x00007ff85cc53000 	C:\WINDOWS\WinSxS\amd64_microsoft.windows.common-controls_6595b64144ccf1df_6.0.22621.3672_none_2713b9d173822955\COMCTL32.dll
0x00007ff87b160000 - 0x00007ff87b189000 	C:\WINDOWS\System32\GDI32.dll
0x00007ff878d20000 - 0x00007ff878e39000 	C:\WINDOWS\System32\gdi32full.dll
0x00007ff8786c0000 - 0x00007ff87875a000 	C:\WINDOWS\System32\msvcp_win.dll
0x00007ff874500000 - 0x00007ff87450a000 	C:\WINDOWS\SYSTEM32\VERSION.dll
0x00007ff87ae50000 - 0x00007ff87ae81000 	C:\WINDOWS\System32\IMM32.DLL
0x00007ff874230000 - 0x00007ff87423c000 	C:\Program Files\Java\jdk-22\bin\vcruntime140_1.dll
0x00007ff871700000 - 0x00007ff87178e000 	C:\Program Files\Java\jdk-22\bin\msvcp140.dll
0x00007ff817b10000 - 0x00007ff818857000 	C:\Program Files\Java\jdk-22\bin\server\jvm.dll
0x00007ff87a130000 - 0x00007ff87a1a1000 	C:\WINDOWS\System32\WS2_32.dll
0x00007ff877f40000 - 0x00007ff877f8d000 	C:\WINDOWS\SYSTEM32\POWRPROF.dll
0x00007ff8714a0000 - 0x00007ff8714d4000 	C:\WINDOWS\SYSTEM32\WINMM.dll
0x00007ff877ed0000 - 0x00007ff877ee3000 	C:\WINDOWS\SYSTEM32\UMPDC.dll
0x00007ff877660000 - 0x00007ff877678000 	C:\WINDOWS\SYSTEM32\kernel.appcore.dll
0x00007ff8738d0000 - 0x00007ff8738da000 	C:\Program Files\Java\jdk-22\bin\jimage.dll
0x00007ff84b2e0000 - 0x00007ff84b512000 	C:\WINDOWS\SYSTEM32\DBGHELP.DLL
0x00007ff879060000 - 0x00007ff8793ee000 	C:\WINDOWS\System32\combase.dll
0x00007ff87b080000 - 0x00007ff87b157000 	C:\WINDOWS\System32\OLEAUT32.dll
0x00007ff867120000 - 0x00007ff867152000 	C:\WINDOWS\SYSTEM32\dbgcore.DLL
0x00007ff878fb0000 - 0x00007ff87902b000 	C:\WINDOWS\System32\bcryptPrimitives.dll
0x00007ff8738b0000 - 0x00007ff8738ce000 	C:\Program Files\Java\jdk-22\bin\java.dll
0x00007ff87a410000 - 0x00007ff87ac77000 	C:\WINDOWS\System32\SHELL32.dll
0x00007ff879770000 - 0x00007ff879915000 	C:\WINDOWS\System32\ole32.dll
0x00007ff876580000 - 0x00007ff876e7f000 	C:\WINDOWS\SYSTEM32\windows.storage.dll
0x00007ff876440000 - 0x00007ff87657f000 	C:\WINDOWS\SYSTEM32\wintypes.dll
0x00007ff87a1c0000 - 0x00007ff87a2b9000 	C:\WINDOWS\System32\SHCORE.dll
0x00007ff879500000 - 0x00007ff87955e000 	C:\WINDOWS\System32\shlwapi.dll
0x00007ff878580000 - 0x00007ff8785a7000 	C:\WINDOWS\SYSTEM32\profapi.dll
0x00007ff862b10000 - 0x00007ff862be7000 	C:\Program Files\Java\jdk-22\bin\jsvml.dll
0x00007ff873890000 - 0x00007ff8738a0000 	C:\Program Files\Java\jdk-22\bin\net.dll
0x00007ff877ac0000 - 0x00007ff877b29000 	C:\WINDOWS\system32\mswsock.dll
0x00007ff873870000 - 0x00007ff873886000 	C:\Program Files\Java\jdk-22\bin\nio.dll
0x00007ff8732c0000 - 0x00007ff8732d7000 	C:\Program Files\Java\jdk-22\bin\zip.dll
0x00007ff870c00000 - 0x00007ff870c24000 	C:\workspace\apache-maven-3.9.9-bin\apache-maven-3.9.9\lib\jansi-native\Windows\x86_64\jansi.dll
0x00007ff8732b0000 - 0x00007ff8732c0000 	C:\Program Files\Java\jdk-22\bin\verify.dll

dbghelp: loaded successfully - version: 4.0.5 - missing functions: none
symbol engine: initialized successfully - sym options: 0x614 - pdb path: .;C:\Program Files\Java\jdk-22\bin;C:\WINDOWS\SYSTEM32;C:\WINDOWS\WinSxS\amd64_microsoft.windows.common-controls_6595b64144ccf1df_6.0.22621.3672_none_2713b9d173822955;C:\Program Files\Java\jdk-22\bin\server;C:\workspace\apache-maven-3.9.9-bin\apache-maven-3.9.9\lib\jansi-native\Windows\x86_64

VM Arguments:
jvm_args: -Dclassworlds.conf=C:\workspace\apache-maven-3.9.9-bin\apache-maven-3.9.9\bin\m2.conf -Dmaven.home=C:\workspace\apache-maven-3.9.9-bin\apache-maven-3.9.9 -Dlibrary.jansi.path=C:\workspace\apache-maven-3.9.9-bin\apache-maven-3.9.9\lib\jansi-native -Dmaven.multiModuleProjectDirectory=C:\Users\ausub\dev\control-asistencia-unica -Xmx512M 
java_command: org.codehaus.plexus.classworlds.launcher.Launcher spring-boot:run
java_class_path (initial): C:\workspace\apache-maven-3.9.9-bin\apache-maven-3.9.9\boot\plexus-classworlds-2.8.0.jar
Launcher Type: SUN_STANDARD

[Global flags]
     intx CICompilerCount                          = 12                                        {product} {ergonomic}
     uint ConcGCThreads                            = 3                                         {product} {ergonomic}
     uint G1ConcRefinementThreads                  = 13                                        {product} {ergonomic}
   size_t G1HeapRegionSize                         = 1048576                                   {product} {ergonomic}
   size_t InitialHeapSize                          = 266338304                                 {product} {ergonomic}
   size_t MarkStackSize                            = 4194304                                   {product} {ergonomic}
   size_t MaxHeapSize                              = 536870912                                 {product} {command line}
   size_t MaxNewSize                               = 321912832                                 {product} {ergonomic}
   size_t MinHeapDeltaBytes                        = 1048576                                   {product} {ergonomic}
   size_t MinHeapSize                              = 8388608                                   {product} {ergonomic}
    uintx NonNMethodCodeHeapSize                   = 7602480                                {pd product} {ergonomic}
    uintx NonProfiledCodeHeapSize                  = 122027880                              {pd product} {ergonomic}
    uintx ProfiledCodeHeapSize                     = 122027880                              {pd product} {ergonomic}
    uintx ReservedCodeCacheSize                    = 251658240                              {pd product} {ergonomic}
     bool SegmentedCodeCache                       = true                                      {product} {ergonomic}
   size_t SoftMaxHeapSize                          = 536870912                              {manageable} {ergonomic}
     bool UseCompressedOops                        = true                           {product lp64_product} {ergonomic}
     bool UseG1GC                                  = true                                      {product} {ergonomic}
     bool UseLargePagesIndividualAllocation        = false                                  {pd product} {ergonomic}

Logging:
Log output configuration:
 #0: stdout all=warning uptime,level,tags foldmultilines=false
 #1: stderr all=off uptime,level,tags foldmultilines=false

Environment Variables:
_JAVA_OPTIONS=-Xmx512M
PATH=C:\Program Files\WindowsApps\Microsoft.PowerShell_7.4.5.0_x64__8wekyb3d8bbwe;C:\Program Files\Rockwell Software\RSCommon;C:\Program Files\Common Files\Oracle\Java\javapath;C:\WINDOWS\system32;C:\WINDOWS;C:\WINDOWS\System32\Wbem;C:\WINDOWS\System32\WindowsPowerShell\v1.0\;C:\WINDOWS\System32\OpenSSH\;C:\Program Files\dotnet\;C:\Program Files\Git\cmd;C:\Program Files (x86)\Microsoft SQL Server\160\Tools\Binn\;C:\Program Files\Microsoft SQL Server\160\Tools\Binn\;C:\Program Files\Microsoft SQL Server\Client SDK\ODBC\170\Tools\Binn\;C:\Program Files\Microsoft SQL Server\160\DTS\Binn\;C:\Program Files (x86)\Microsoft SQL Server\160\DTS\Binn\;C:\Program Files\Azure Data Studio\bin;C:\Program Files\Microsoft SQL Server\150\Tools\Binn\;C:\Program Files\Docker\Docker\resources\bin;C:\Program Files\nodejs\;C:\workspace\apache-maven-3.9.9-bin\apache-maven-3.9.9\bin;C:\Users\ausub\AppData\Local\Programs\Python\Python312\Scripts\;C:\Users\ausub\AppData\Local\Programs\Python\Python312\;C:\Users\ausub\AppData\Local\Programs\Python\Launcher\;C:\Users\ausub\AppData\Local\Microsoft\WindowsApps;;C:\Program Files\JetBrains\IntelliJ IDEA 2023.3.4\bin;;C:\Users\ausub\AppData\Local\Programs\Microsoft VS Code\bin;C:\Program Files\Azure Data Studio\bin;C:\Users\ausub\.dotnet\tools;C:\Users\ausub\AppData\Roaming\npm
USERNAME=ausub
OS=Windows_NT
PROCESSOR_IDENTIFIER=Intel64 Family 6 Model 165 Stepping 5, GenuineIntel
TMP=C:\Users\ausub\AppData\Local\Temp
TEMP=C:\Users\ausub\AppData\Local\Temp




Periodic native trim disabled

---------------  S Y S T E M  ---------------

OS:
 Windows 11 , 64 bit Build 22621 (10.0.22621.3958)
OS uptime: 0 days 1:48 hours
Hyper-V role detected

CPU: total 16 (initial active 16) (8 cores per cpu, 2 threads per core) family 6 model 165 stepping 5 microcode 0xe0, cx8, cmov, fxsr, ht, mmx, 3dnowpref, sse, sse2, sse3, ssse3, sse4.1, sse4.2, popcnt, lzcnt, tsc, tscinvbit, avx, avx2, aes, erms, clmul, bmi1, bmi2, adx, fma, vzeroupper, clflush, clflushopt, hv, rdtscp, f16c
Processor Information for all 16 processors :
  Max Mhz: 3792, Current Mhz: 3792, Mhz Limit: 3792

Memory: 4k page, system-wide physical 16220M (4827M free)
TotalPageFile size 18012M (AvailPageFile size 3401M)
current process WorkingSet (physical memory assigned to process): 303M, peak: 303M
current process commit charge ("private bytes"): 440M, peak: 440M

vm_info: Java HotSpot(TM) 64-Bit Server VM (22.0.1+8-16) for windows-amd64 JRE (22.0.1+8-16), built on 2024-03-12T10:33:16Z by "mach5one" with MS VC++ 17.6 (VS2022)

END.
